{"/Users/johnpickett/code/games/card-heist/src/data/deck.ts": {"path":"/Users/johnpickett/code/games/card-heist/src/data/deck.ts","statementMap":{"0":{"start":{"line":6,"column":0},"end":{"line":6,"column":16}},"1":{"start":{"line":16,"column":0},"end":{"line":16,"column":16}},"2":{"start":{"line":3,"column":22},"end":{"line":3,"column":63}},"3":{"start":{"line":4,"column":22},"end":{"line":4,"column":88}},"4":{"start":{"line":7,"column":2},"end":{"line":13,"column":4}},"5":{"start":{"line":8,"column":4},"end":{"line":12,"column":7}},"6":{"start":{"line":8,"column":23},"end":{"line":12,"column":6}},"7":{"start":{"line":17,"column":19},"end":{"line":17,"column":28}},"8":{"start":{"line":18,"column":2},"end":{"line":21,"column":3}},"9":{"start":{"line":18,"column":15},"end":{"line":18,"column":34}},"10":{"start":{"line":19,"column":14},"end":{"line":19,"column":49}},"11":{"start":{"line":20,"column":4},"end":{"line":20,"column":60}},"12":{"start":{"line":22,"column":2},"end":{"line":22,"column":18}}},"fnMap":{"0":{"name":"createDeck","decl":{"start":{"line":6,"column":16},"end":{"line":6,"column":26}},"loc":{"start":{"line":6,"column":26},"end":{"line":14,"column":1}}},"1":{"name":"(anonymous_1)","decl":{"start":{"line":7,"column":23},"end":{"line":7,"column":27}},"loc":{"start":{"line":8,"column":4},"end":{"line":12,"column":7}}},"2":{"name":"(anonymous_2)","decl":{"start":{"line":8,"column":14},"end":{"line":8,"column":18}},"loc":{"start":{"line":8,"column":23},"end":{"line":12,"column":6}}},"3":{"name":"shuffleDeck","decl":{"start":{"line":16,"column":16},"end":{"line":16,"column":27}},"loc":{"start":{"line":16,"column":40},"end":{"line":23,"column":1}}}},"branchMap":{},"s":{"0":5,"1":5,"2":5,"3":5,"4":4,"5":16,"6":208,"7":3,"8":3,"9":3,"10":153,"11":153,"12":3},"f":{"0":4,"1":16,"2":208,"3":3},"b":{}}
,"/Users/johnpickett/code/games/card-heist/src/store/escapeStore.ts": {"path":"/Users/johnpickett/code/games/card-heist/src/store/escapeStore.ts","statementMap":{"0":{"start":{"line":1,"column":0},"end":{"line":1,"column":33}},"1":{"start":{"line":2,"column":0},"end":{"line":2,"column":55}},"2":{"start":{"line":11,"column":27},"end":{"line":11,"column":81}},"3":{"start":{"line":13,"column":22},"end":{"line":13,"column":23}},"4":{"start":{"line":16,"column":2},"end":{"line":16,"column":78}},"5":{"start":{"line":16,"column":28},"end":{"line":16,"column":75}},"6":{"start":{"line":20,"column":2},"end":{"line":21,"column":67}},"7":{"start":{"line":21,"column":4},"end":{"line":21,"column":67}},"8":{"start":{"line":24,"column":2},"end":{"line":25,"column":40}},"9":{"start":{"line":24,"column":23},"end":{"line":24,"column":47}},"10":{"start":{"line":25,"column":4},"end":{"line":25,"column":40}},"11":{"start":{"line":28,"column":18},"end":{"line":28,"column":82}},"12":{"start":{"line":28,"column":33},"end":{"line":28,"column":59}},"13":{"start":{"line":28,"column":76},"end":{"line":28,"column":81}},"14":{"start":{"line":29,"column":22},"end":{"line":29,"column":86}},"15":{"start":{"line":29,"column":48},"end":{"line":29,"column":85}},"16":{"start":{"line":30,"column":2},"end":{"line":30,"column":55}},"17":{"start":{"line":30,"column":19},"end":{"line":30,"column":55}},"18":{"start":{"line":31,"column":2},"end":{"line":31,"column":60}},"19":{"start":{"line":36,"column":17},"end":{"line":36,"column":46}},"20":{"start":{"line":37,"column":2},"end":{"line":41,"column":3}},"21":{"start":{"line":38,"column":18},"end":{"line":38,"column":48}},"22":{"start":{"line":39,"column":4},"end":{"line":39,"column":19}},"23":{"start":{"line":40,"column":4},"end":{"line":40,"column":36}},"24":{"start":{"line":42,"column":2},"end":{"line":44,"column":3}},"25":{"start":{"line":43,"column":4},"end":{"line":43,"column":52}},"26":{"start":{"line":43,"column":27},"end":{"line":43,"column":52}},"27":{"start":{"line":47,"column":17},"end":{"line":47,"column":48}},"28":{"start":{"line":48,"column":2},"end":{"line":52,"column":3}},"29":{"start":{"line":49,"column":18},"end":{"line":49,"column":48}},"30":{"start":{"line":50,"column":4},"end":{"line":50,"column":19}},"31":{"start":{"line":51,"column":4},"end":{"line":51,"column":36}},"32":{"start":{"line":53,"column":2},"end":{"line":65,"column":3}},"33":{"start":{"line":54,"column":4},"end":{"line":54,"column":35}},"34":{"start":{"line":54,"column":26},"end":{"line":54,"column":35}},"35":{"start":{"line":55,"column":19},"end":{"line":56,"column":null}},"36":{"start":{"line":56,"column":16},"end":{"line":56,"column":81}},"37":{"start":{"line":59,"column":4},"end":{"line":64,"column":5}},"38":{"start":{"line":59,"column":17},"end":{"line":59,"column":18}},"39":{"start":{"line":60,"column":21},"end":{"line":60,"column":43}},"40":{"start":{"line":61,"column":19},"end":{"line":61,"column":69}},"41":{"start":{"line":61,"column":36},"end":{"line":61,"column":68}},"42":{"start":{"line":62,"column":26},"end":{"line":62,"column":76}},"43":{"start":{"line":63,"column":6},"end":{"line":63,"column":37}},"44":{"start":{"line":63,"column":23},"end":{"line":63,"column":37}},"45":{"start":{"line":67,"column":2},"end":{"line":67,"column":14}},"46":{"start":{"line":72,"column":4},"end":{"line":72,"column":31}},"47":{"start":{"line":72,"column":22},"end":{"line":72,"column":31}},"48":{"start":{"line":73,"column":4},"end":{"line":73,"column":64}},"49":{"start":{"line":73,"column":54},"end":{"line":73,"column":64}},"50":{"start":{"line":74,"column":4},"end":{"line":74,"column":30}},"51":{"start":{"line":76,"column":17},"end":{"line":76,"column":18}},"52":{"start":{"line":77,"column":17},"end":{"line":77,"column":45}},"53":{"start":{"line":78,"column":2},"end":{"line":81,"column":3}},"54":{"start":{"line":78,"column":15},"end":{"line":78,"column":16}},"55":{"start":{"line":79,"column":14},"end":{"line":79,"column":42}},"56":{"start":{"line":80,"column":4},"end":{"line":80,"column":53}},"57":{"start":{"line":80,"column":24},"end":{"line":80,"column":37}},"58":{"start":{"line":80,"column":38},"end":{"line":80,"column":51}},"59":{"start":{"line":82,"column":16},"end":{"line":82,"column":30}},"60":{"start":{"line":83,"column":15},"end":{"line":83,"column":52}},"61":{"start":{"line":83,"column":37},"end":{"line":83,"column":51}},"62":{"start":{"line":84,"column":2},"end":{"line":84,"column":25}},"63":{"start":{"line":94,"column":2},"end":{"line":101,"column":3}},"64":{"start":{"line":95,"column":4},"end":{"line":100,"column":6}},"65":{"start":{"line":104,"column":19},"end":{"line":104,"column":28}},"66":{"start":{"line":105,"column":17},"end":{"line":105,"column":40}},"67":{"start":{"line":108,"column":25},"end":{"line":108,"column":39}},"68":{"start":{"line":109,"column":2},"end":{"line":112,"column":3}},"69":{"start":{"line":109,"column":15},"end":{"line":109,"column":40}},"70":{"start":{"line":110,"column":14},"end":{"line":110,"column":49}},"71":{"start":{"line":111,"column":4},"end":{"line":111,"column":84}},"72":{"start":{"line":114,"column":24},"end":{"line":114,"column":55}},"73":{"start":{"line":115,"column":24},"end":{"line":115,"column":52}},"74":{"start":{"line":117,"column":2},"end":{"line":122,"column":4}},"75":{"start":{"line":125,"column":35},"end":{"line":147,"column":2}},"76":{"start":{"line":149,"column":13},"end":{"line":350,"column":4}},"77":{"start":{"line":149,"column":81},"end":{"line":350,"column":2}},"78":{"start":{"line":153,"column":4},"end":{"line":153,"column":24}},"79":{"start":{"line":154,"column":18},"end":{"line":154,"column":58}},"80":{"start":{"line":155,"column":23},"end":{"line":155,"column":40}},"81":{"start":{"line":156,"column":23},"end":{"line":156,"column":41}},"82":{"start":{"line":157,"column":17},"end":{"line":157,"column":32}},"83":{"start":{"line":158,"column":4},"end":{"line":163,"column":7}},"84":{"start":{"line":167,"column":35},"end":{"line":167,"column":40}},"85":{"start":{"line":168,"column":4},"end":{"line":168,"column":40}},"86":{"start":{"line":168,"column":33},"end":{"line":168,"column":40}},"87":{"start":{"line":169,"column":4},"end":{"line":173,"column":5}},"88":{"start":{"line":170,"column":6},"end":{"line":170,"column":72}},"89":{"start":{"line":170,"column":50},"end":{"line":170,"column":67}},"90":{"start":{"line":172,"column":6},"end":{"line":172,"column":57}},"91":{"start":{"line":177,"column":148},"end":{"line":177,"column":153}},"92":{"start":{"line":178,"column":4},"end":{"line":178,"column":40}},"93":{"start":{"line":178,"column":33},"end":{"line":178,"column":40}},"94":{"start":{"line":180,"column":26},"end":{"line":180,"column":86}},"95":{"start":{"line":180,"column":50},"end":{"line":180,"column":85}},"96":{"start":{"line":181,"column":19},"end":{"line":181,"column":65}},"97":{"start":{"line":181,"column":56},"end":{"line":181,"column":63}},"98":{"start":{"line":183,"column":4},"end":{"line":186,"column":5}},"99":{"start":{"line":184,"column":6},"end":{"line":184,"column":43}},"100":{"start":{"line":185,"column":6},"end":{"line":185,"column":13}},"101":{"start":{"line":188,"column":22},"end":{"line":188,"column":83}},"102":{"start":{"line":188,"column":46},"end":{"line":188,"column":82}},"103":{"start":{"line":189,"column":22},"end":{"line":189,"column":42}},"104":{"start":{"line":190,"column":35},"end":{"line":190,"column":67}},"105":{"start":{"line":191,"column":59},"end":{"line":191,"column":133}},"106":{"start":{"line":192,"column":20},"end":{"line":192,"column":79}},"107":{"start":{"line":193,"column":24},"end":{"line":193,"column":48}},"108":{"start":{"line":195,"column":25},"end":{"line":201,"column":6}},"109":{"start":{"line":203,"column":4},"end":{"line":229,"column":5}},"110":{"start":{"line":204,"column":6},"end":{"line":215,"column":9}},"111":{"start":{"line":217,"column":6},"end":{"line":228,"column":9}},"112":{"start":{"line":233,"column":147},"end":{"line":233,"column":152}},"113":{"start":{"line":234,"column":4},"end":{"line":234,"column":40}},"114":{"start":{"line":234,"column":33},"end":{"line":234,"column":40}},"115":{"start":{"line":235,"column":4},"end":{"line":235,"column":41}},"116":{"start":{"line":235,"column":34},"end":{"line":235,"column":41}},"117":{"start":{"line":237,"column":22},"end":{"line":237,"column":82}},"118":{"start":{"line":237,"column":46},"end":{"line":237,"column":81}},"119":{"start":{"line":238,"column":22},"end":{"line":238,"column":83}},"120":{"start":{"line":238,"column":46},"end":{"line":238,"column":82}},"121":{"start":{"line":239,"column":22},"end":{"line":239,"column":40}},"122":{"start":{"line":240,"column":35},"end":{"line":240,"column":63}},"123":{"start":{"line":241,"column":59},"end":{"line":241,"column":133}},"124":{"start":{"line":243,"column":28},"end":{"line":243,"column":50}},"125":{"start":{"line":244,"column":26},"end":{"line":244,"column":51}},"126":{"start":{"line":245,"column":25},"end":{"line":245,"column":76}},"127":{"start":{"line":247,"column":4},"end":{"line":262,"column":5}},"128":{"start":{"line":248,"column":6},"end":{"line":260,"column":9}},"129":{"start":{"line":261,"column":6},"end":{"line":261,"column":13}},"130":{"start":{"line":264,"column":4},"end":{"line":278,"column":7}},"131":{"start":{"line":282,"column":107},"end":{"line":282,"column":112}},"132":{"start":{"line":284,"column":17},"end":{"line":284,"column":43}},"133":{"start":{"line":285,"column":4},"end":{"line":332,"column":5}},"134":{"start":{"line":286,"column":22},"end":{"line":286,"column":60}},"135":{"start":{"line":286,"column":45},"end":{"line":286,"column":58}},"136":{"start":{"line":287,"column":24},"end":{"line":287,"column":76}},"137":{"start":{"line":287,"column":48},"end":{"line":287,"column":75}},"138":{"start":{"line":288,"column":37},"end":{"line":288,"column":60}},"139":{"start":{"line":289,"column":61},"end":{"line":289,"column":137}},"140":{"start":{"line":290,"column":27},"end":{"line":290,"column":45}},"141":{"start":{"line":291,"column":24},"end":{"line":291,"column":90}},"142":{"start":{"line":293,"column":6},"end":{"line":317,"column":7}},"143":{"start":{"line":294,"column":8},"end":{"line":304,"column":11}},"144":{"start":{"line":306,"column":8},"end":{"line":316,"column":11}},"145":{"start":{"line":319,"column":30},"end":{"line":319,"column":55}},"146":{"start":{"line":320,"column":37},"end":{"line":320,"column":58}},"147":{"start":{"line":321,"column":61},"end":{"line":321,"column":122}},"148":{"start":{"line":322,"column":24},"end":{"line":322,"column":110}},"149":{"start":{"line":323,"column":6},"end":{"line":331,"column":9}},"150":{"start":{"line":336,"column":47},"end":{"line":336,"column":52}},"151":{"start":{"line":337,"column":4},"end":{"line":345,"column":5}},"152":{"start":{"line":338,"column":6},"end":{"line":338,"column":29}},"153":{"start":{"line":340,"column":6},"end":{"line":344,"column":9}},"154":{"start":{"line":348,"column":20},"end":{"line":348,"column":47}},"155":{"start":{"line":349,"column":19},"end":{"line":349,"column":45}}},"fnMap":{"0":{"name":"toEscapeCards","decl":{"start":{"line":15,"column":9},"end":{"line":15,"column":22}},"loc":{"start":{"line":15,"column":36},"end":{"line":17,"column":1}}},"1":{"name":"(anonymous_1)","decl":{"start":{"line":16,"column":19},"end":{"line":16,"column":23}},"loc":{"start":{"line":16,"column":28},"end":{"line":16,"column":75}}},"2":{"name":"validateMeld","decl":{"start":{"line":19,"column":9},"end":{"line":19,"column":21}},"loc":{"start":{"line":19,"column":35},"end":{"line":32,"column":1}}},"3":{"name":"(anonymous_3)","decl":{"start":{"line":24,"column":18},"end":{"line":24,"column":19}},"loc":{"start":{"line":24,"column":23},"end":{"line":24,"column":47}}},"4":{"name":"(anonymous_4)","decl":{"start":{"line":28,"column":28},"end":{"line":28,"column":29}},"loc":{"start":{"line":28,"column":33},"end":{"line":28,"column":59}}},"5":{"name":"(anonymous_5)","decl":{"start":{"line":28,"column":66},"end":{"line":28,"column":67}},"loc":{"start":{"line":28,"column":76},"end":{"line":28,"column":81}}},"6":{"name":"(anonymous_6)","decl":{"start":{"line":29,"column":36},"end":{"line":29,"column":37}},"loc":{"start":{"line":29,"column":48},"end":{"line":29,"column":85}}},"7":{"name":"findPoliceMeld","decl":{"start":{"line":34,"column":9},"end":{"line":34,"column":23}},"loc":{"start":{"line":34,"column":42},"end":{"line":68,"column":1}}},"8":{"name":"(anonymous_8)","decl":{"start":{"line":56,"column":6},"end":{"line":56,"column":7}},"loc":{"start":{"line":56,"column":16},"end":{"line":56,"column":81}}},"9":{"name":"(anonymous_9)","decl":{"start":{"line":61,"column":30},"end":{"line":61,"column":32}},"loc":{"start":{"line":61,"column":36},"end":{"line":61,"column":68}}},"10":{"name":"discardLowest","decl":{"start":{"line":70,"column":9},"end":{"line":70,"column":22}},"loc":{"start":{"line":70,"column":41},"end":{"line":85,"column":1}}},"11":{"name":"cardValue","decl":{"start":{"line":71,"column":11},"end":{"line":71,"column":20}},"loc":{"start":{"line":71,"column":31},"end":{"line":75,"column":3}}},"12":{"name":"(anonymous_12)","decl":{"start":{"line":83,"column":27},"end":{"line":83,"column":28}},"loc":{"start":{"line":83,"column":37},"end":{"line":83,"column":51}}},"13":{"name":"drawCardsWithReshuffle","decl":{"start":{"line":88,"column":9},"end":{"line":88,"column":31}},"loc":{"start":{"line":92,"column":25},"end":{"line":123,"column":1}}},"14":{"name":"(anonymous_14)","decl":{"start":{"line":149,"column":66},"end":{"line":149,"column":67}},"loc":{"start":{"line":149,"column":81},"end":{"line":350,"column":2}}},"15":{"name":"(anonymous_15)","decl":{"start":{"line":152,"column":12},"end":{"line":152,"column":15}},"loc":{"start":{"line":152,"column":17},"end":{"line":164,"column":3}}},"16":{"name":"(anonymous_16)","decl":{"start":{"line":166,"column":16},"end":{"line":166,"column":17}},"loc":{"start":{"line":166,"column":39},"end":{"line":174,"column":3}}},"17":{"name":"(anonymous_17)","decl":{"start":{"line":170,"column":44},"end":{"line":170,"column":46}},"loc":{"start":{"line":170,"column":50},"end":{"line":170,"column":67}}},"18":{"name":"(anonymous_18)","decl":{"start":{"line":176,"column":11},"end":{"line":176,"column":14}},"loc":{"start":{"line":176,"column":16},"end":{"line":230,"column":3}}},"19":{"name":"(anonymous_19)","decl":{"start":{"line":180,"column":44},"end":{"line":180,"column":46}},"loc":{"start":{"line":180,"column":50},"end":{"line":180,"column":85}}},"20":{"name":"(anonymous_20)","decl":{"start":{"line":181,"column":50},"end":{"line":181,"column":52}},"loc":{"start":{"line":181,"column":56},"end":{"line":181,"column":63}}},"21":{"name":"(anonymous_21)","decl":{"start":{"line":188,"column":40},"end":{"line":188,"column":42}},"loc":{"start":{"line":188,"column":46},"end":{"line":188,"column":82}}},"22":{"name":"(anonymous_22)","decl":{"start":{"line":232,"column":11},"end":{"line":232,"column":14}},"loc":{"start":{"line":232,"column":16},"end":{"line":279,"column":3}}},"23":{"name":"(anonymous_23)","decl":{"start":{"line":237,"column":40},"end":{"line":237,"column":42}},"loc":{"start":{"line":237,"column":46},"end":{"line":237,"column":81}}},"24":{"name":"(anonymous_24)","decl":{"start":{"line":238,"column":40},"end":{"line":238,"column":42}},"loc":{"start":{"line":238,"column":46},"end":{"line":238,"column":82}}},"25":{"name":"(anonymous_25)","decl":{"start":{"line":281,"column":17},"end":{"line":281,"column":20}},"loc":{"start":{"line":281,"column":22},"end":{"line":333,"column":3}}},"26":{"name":"(anonymous_26)","decl":{"start":{"line":286,"column":39},"end":{"line":286,"column":41}},"loc":{"start":{"line":286,"column":45},"end":{"line":286,"column":58}}},"27":{"name":"(anonymous_27)","decl":{"start":{"line":287,"column":42},"end":{"line":287,"column":44}},"loc":{"start":{"line":287,"column":48},"end":{"line":287,"column":75}}},"28":{"name":"(anonymous_28)","decl":{"start":{"line":335,"column":17},"end":{"line":335,"column":20}},"loc":{"start":{"line":335,"column":22},"end":{"line":346,"column":3}}},"29":{"name":"(anonymous_29)","decl":{"start":{"line":348,"column":14},"end":{"line":348,"column":17}},"loc":{"start":{"line":348,"column":20},"end":{"line":348,"column":47}}},"30":{"name":"(anonymous_30)","decl":{"start":{"line":349,"column":13},"end":{"line":349,"column":16}},"loc":{"start":{"line":349,"column":19},"end":{"line":349,"column":45}}}},"branchMap":{"0":{"loc":{"start":{"line":20,"column":2},"end":{"line":21,"column":67}},"type":"if","locations":[{"start":{"line":20,"column":2},"end":{"line":21,"column":67}},{"start":{},"end":{}}]},"1":{"loc":{"start":{"line":20,"column":6},"end":{"line":20,"column":42}},"type":"binary-expr","locations":[{"start":{"line":20,"column":6},"end":{"line":20,"column":22}},{"start":{"line":20,"column":26},"end":{"line":20,"column":42}}]},"2":{"loc":{"start":{"line":24,"column":2},"end":{"line":25,"column":40}},"type":"if","locations":[{"start":{"line":24,"column":2},"end":{"line":25,"column":40}},{"start":{},"end":{}}]},"3":{"loc":{"start":{"line":29,"column":48},"end":{"line":29,"column":85}},"type":"binary-expr","locations":[{"start":{"line":29,"column":48},"end":{"line":29,"column":55}},{"start":{"line":29,"column":59},"end":{"line":29,"column":85}}]},"4":{"loc":{"start":{"line":30,"column":2},"end":{"line":30,"column":55}},"type":"if","locations":[{"start":{"line":30,"column":2},"end":{"line":30,"column":55}},{"start":{},"end":{}}]},"5":{"loc":{"start":{"line":38,"column":18},"end":{"line":38,"column":48}},"type":"binary-expr","locations":[{"start":{"line":38,"column":18},"end":{"line":38,"column":42}},{"start":{"line":38,"column":46},"end":{"line":38,"column":48}}]},"6":{"loc":{"start":{"line":43,"column":4},"end":{"line":43,"column":52}},"type":"if","locations":[{"start":{"line":43,"column":4},"end":{"line":43,"column":52}},{"start":{},"end":{}}]},"7":{"loc":{"start":{"line":49,"column":18},"end":{"line":49,"column":48}},"type":"binary-expr","locations":[{"start":{"line":49,"column":18},"end":{"line":49,"column":42}},{"start":{"line":49,"column":46},"end":{"line":49,"column":48}}]},"8":{"loc":{"start":{"line":54,"column":4},"end":{"line":54,"column":35}},"type":"if","locations":[{"start":{"line":54,"column":4},"end":{"line":54,"column":35}},{"start":{},"end":{}}]},"9":{"loc":{"start":{"line":62,"column":26},"end":{"line":62,"column":76}},"type":"binary-expr","locations":[{"start":{"line":62,"column":26},"end":{"line":62,"column":49}},{"start":{"line":62,"column":53},"end":{"line":62,"column":76}}]},"10":{"loc":{"start":{"line":63,"column":6},"end":{"line":63,"column":37}},"type":"if","locations":[{"start":{"line":63,"column":6},"end":{"line":63,"column":37}},{"start":{},"end":{}}]},"11":{"loc":{"start":{"line":72,"column":4},"end":{"line":72,"column":31}},"type":"if","locations":[{"start":{"line":72,"column":4},"end":{"line":72,"column":31}},{"start":{},"end":{}}]},"12":{"loc":{"start":{"line":73,"column":4},"end":{"line":73,"column":64}},"type":"if","locations":[{"start":{"line":73,"column":4},"end":{"line":73,"column":64}},{"start":{},"end":{}}]},"13":{"loc":{"start":{"line":73,"column":8},"end":{"line":73,"column":52}},"type":"binary-expr","locations":[{"start":{"line":73,"column":8},"end":{"line":73,"column":20}},{"start":{"line":73,"column":24},"end":{"line":73,"column":36}},{"start":{"line":73,"column":40},"end":{"line":73,"column":52}}]},"14":{"loc":{"start":{"line":80,"column":4},"end":{"line":80,"column":53}},"type":"if","locations":[{"start":{"line":80,"column":4},"end":{"line":80,"column":53}},{"start":{},"end":{}}]},"15":{"loc":{"start":{"line":94,"column":2},"end":{"line":101,"column":3}},"type":"if","locations":[{"start":{"line":94,"column":2},"end":{"line":101,"column":3}},{"start":{},"end":{}}]},"16":{"loc":{"start":{"line":168,"column":4},"end":{"line":168,"column":40}},"type":"if","locations":[{"start":{"line":168,"column":4},"end":{"line":168,"column":40}},{"start":{},"end":{}}]},"17":{"loc":{"start":{"line":169,"column":4},"end":{"line":173,"column":5}},"type":"if","locations":[{"start":{"line":169,"column":4},"end":{"line":173,"column":5}},{"start":{"line":171,"column":11},"end":{"line":173,"column":5}}]},"18":{"loc":{"start":{"line":178,"column":4},"end":{"line":178,"column":40}},"type":"if","locations":[{"start":{"line":178,"column":4},"end":{"line":178,"column":40}},{"start":{},"end":{}}]},"19":{"loc":{"start":{"line":183,"column":4},"end":{"line":186,"column":5}},"type":"if","locations":[{"start":{"line":183,"column":4},"end":{"line":186,"column":5}},{"start":{},"end":{}}]},"20":{"loc":{"start":{"line":192,"column":20},"end":{"line":192,"column":79}},"type":"cond-expr","locations":[{"start":{"line":192,"column":74},"end":{"line":192,"column":75}},{"start":{"line":192,"column":78},"end":{"line":192,"column":79}}]},"21":{"loc":{"start":{"line":192,"column":20},"end":{"line":192,"column":71}},"type":"binary-expr","locations":[{"start":{"line":192,"column":20},"end":{"line":192,"column":41}},{"start":{"line":192,"column":45},"end":{"line":192,"column":71}}]},"22":{"loc":{"start":{"line":197,"column":18},"end":{"line":197,"column":69}},"type":"cond-expr","locations":[{"start":{"line":197,"column":42},"end":{"line":197,"column":56}},{"start":{"line":197,"column":59},"end":{"line":197,"column":69}}]},"23":{"loc":{"start":{"line":198,"column":18},"end":{"line":198,"column":69}},"type":"cond-expr","locations":[{"start":{"line":198,"column":42},"end":{"line":198,"column":56}},{"start":{"line":198,"column":59},"end":{"line":198,"column":69}}]},"24":{"loc":{"start":{"line":203,"column":4},"end":{"line":229,"column":5}},"type":"if","locations":[{"start":{"line":203,"column":4},"end":{"line":229,"column":5}},{"start":{"line":216,"column":11},"end":{"line":229,"column":5}}]},"25":{"loc":{"start":{"line":211,"column":21},"end":{"line":211,"column":79}},"type":"cond-expr","locations":[{"start":{"line":211,"column":34},"end":{"line":211,"column":72}},{"start":{"line":211,"column":75},"end":{"line":211,"column":79}}]},"26":{"loc":{"start":{"line":224,"column":21},"end":{"line":224,"column":79}},"type":"cond-expr","locations":[{"start":{"line":224,"column":34},"end":{"line":224,"column":72}},{"start":{"line":224,"column":75},"end":{"line":224,"column":79}}]},"27":{"loc":{"start":{"line":234,"column":4},"end":{"line":234,"column":40}},"type":"if","locations":[{"start":{"line":234,"column":4},"end":{"line":234,"column":40}},{"start":{},"end":{}}]},"28":{"loc":{"start":{"line":235,"column":4},"end":{"line":235,"column":41}},"type":"if","locations":[{"start":{"line":235,"column":4},"end":{"line":235,"column":41}},{"start":{},"end":{}}]},"29":{"loc":{"start":{"line":245,"column":25},"end":{"line":245,"column":76}},"type":"cond-expr","locations":[{"start":{"line":245,"column":41},"end":{"line":245,"column":59}},{"start":{"line":245,"column":62},"end":{"line":245,"column":76}}]},"30":{"loc":{"start":{"line":247,"column":4},"end":{"line":262,"column":5}},"type":"if","locations":[{"start":{"line":247,"column":4},"end":{"line":262,"column":5}},{"start":{},"end":{}}]},"31":{"loc":{"start":{"line":247,"column":8},"end":{"line":247,"column":55}},"type":"binary-expr","locations":[{"start":{"line":247,"column":8},"end":{"line":247,"column":21}},{"start":{"line":247,"column":25},"end":{"line":247,"column":55}}]},"32":{"loc":{"start":{"line":270,"column":19},"end":{"line":272,"column":70}},"type":"cond-expr","locations":[{"start":{"line":271,"column":10},"end":{"line":271,"column":55}},{"start":{"line":272,"column":11},"end":{"line":272,"column":69}}]},"33":{"loc":{"start":{"line":272,"column":11},"end":{"line":272,"column":69}},"type":"cond-expr","locations":[{"start":{"line":272,"column":24},"end":{"line":272,"column":62}},{"start":{"line":272,"column":65},"end":{"line":272,"column":69}}]},"34":{"loc":{"start":{"line":285,"column":4},"end":{"line":332,"column":5}},"type":"if","locations":[{"start":{"line":285,"column":4},"end":{"line":332,"column":5}},{"start":{"line":318,"column":11},"end":{"line":332,"column":5}}]},"35":{"loc":{"start":{"line":291,"column":50},"end":{"line":291,"column":88}},"type":"cond-expr","locations":[{"start":{"line":291,"column":63},"end":{"line":291,"column":83}},{"start":{"line":291,"column":86},"end":{"line":291,"column":88}}]},"36":{"loc":{"start":{"line":293,"column":6},"end":{"line":317,"column":7}},"type":"if","locations":[{"start":{"line":293,"column":6},"end":{"line":317,"column":7}},{"start":{"line":305,"column":13},"end":{"line":317,"column":7}}]},"37":{"loc":{"start":{"line":322,"column":70},"end":{"line":322,"column":108}},"type":"cond-expr","locations":[{"start":{"line":322,"column":83},"end":{"line":322,"column":103}},{"start":{"line":322,"column":106},"end":{"line":322,"column":108}}]},"38":{"loc":{"start":{"line":337,"column":4},"end":{"line":345,"column":5}},"type":"if","locations":[{"start":{"line":337,"column":4},"end":{"line":345,"column":5}},{"start":{"line":339,"column":11},"end":{"line":345,"column":5}}]}},"s":{"0":1,"1":1,"2":1,"3":1,"4":0,"5":0,"6":2,"7":1,"8":1,"9":4,"10":1,"11":0,"12":0,"13":0,"14":0,"15":0,"16":0,"17":0,"18":0,"19":2,"20":2,"21":9,"22":9,"23":9,"24":2,"25":5,"26":1,"27":1,"28":1,"29":4,"30":4,"31":4,"32":1,"33":4,"34":4,"35":0,"36":0,"37":0,"38":0,"39":0,"40":0,"41":0,"42":0,"43":0,"44":0,"45":1,"46":4,"47":1,"48":3,"49":1,"50":2,"51":1,"52":1,"53":1,"54":1,"55":3,"56":3,"57":0,"58":0,"59":1,"60":1,"61":4,"62":1,"63":4,"64":4,"65":0,"66":0,"67":0,"68":0,"69":0,"70":0,"71":0,"72":0,"73":0,"74":0,"75":1,"76":1,"77":1,"78":0,"79":0,"80":0,"81":0,"82":0,"83":0,"84":0,"85":0,"86":0,"87":0,"88":0,"89":0,"90":0,"91":2,"92":2,"93":0,"94":2,"95":10,"96":2,"97":6,"98":2,"99":1,"100":1,"101":1,"102":8,"103":1,"104":1,"105":1,"106":1,"107":1,"108":1,"109":1,"110":1,"111":0,"112":1,"113":1,"114":0,"115":1,"116":0,"117":1,"118":2,"119":1,"120":2,"121":1,"122":1,"123":1,"124":1,"125":1,"126":1,"127":1,"128":1,"129":1,"130":0,"131":2,"132":2,"133":2,"134":1,"135":3,"136":1,"137":5,"138":1,"139":1,"140":1,"141":1,"142":1,"143":1,"144":0,"145":1,"146":1,"147":1,"148":1,"149":1,"150":1,"151":1,"152":0,"153":1,"154":0,"155":0},"f":{"0":0,"1":0,"2":2,"3":4,"4":0,"5":0,"6":0,"7":2,"8":0,"9":0,"10":1,"11":4,"12":4,"13":4,"14":1,"15":0,"16":0,"17":0,"18":2,"19":10,"20":6,"21":8,"22":1,"23":2,"24":2,"25":2,"26":3,"27":5,"28":1,"29":0,"30":0},"b":{"0":[1,1],"1":[2,1],"2":[1,0],"3":[0,0],"4":[0,0],"5":[9,7],"6":[1,4],"7":[4,4],"8":[4,0],"9":[0,0],"10":[0,0],"11":[1,3],"12":[1,2],"13":[3,3,3],"14":[0,3],"15":[4,0],"16":[0,0],"17":[0,0],"18":[0,2],"19":[1,1],"20":[1,0],"21":[1,1],"22":[1,0],"23":[0,1],"24":[1,0],"25":[0,1],"26":[0,0],"27":[0,1],"28":[0,1],"29":[1,0],"30":[1,0],"31":[1,1],"32":[0,0],"33":[0,0],"34":[1,1],"35":[0,1],"36":[1,0],"37":[0,1],"38":[0,1]}}
,"/Users/johnpickett/code/games/card-heist/src/store/gameStore.ts": {"path":"/Users/johnpickett/code/games/card-heist/src/store/gameStore.ts","statementMap":{"0":{"start":{"line":1,"column":0},"end":{"line":1,"column":33}},"1":{"start":{"line":2,"column":0},"end":{"line":2,"column":55}},"2":{"start":{"line":4,"column":0},"end":{"line":4,"column":55}},"3":{"start":{"line":6,"column":31},"end":{"line":6,"column":59}},"4":{"start":{"line":7,"column":23},"end":{"line":7,"column":25}},"5":{"start":{"line":8,"column":25},"end":{"line":8,"column":26}},"6":{"start":{"line":11,"column":2},"end":{"line":11,"column":54}},"7":{"start":{"line":15,"column":2},"end":{"line":19,"column":4}},"8":{"start":{"line":24,"column":2},"end":{"line":24,"column":58}},"9":{"start":{"line":24,"column":29},"end":{"line":24,"column":55}},"10":{"start":{"line":33,"column":30},"end":{"line":33,"column":85}},"11":{"start":{"line":33,"column":59},"end":{"line":33,"column":81}},"12":{"start":{"line":34,"column":23},"end":{"line":34,"column":64}},"13":{"start":{"line":35,"column":20},"end":{"line":35,"column":39}},"14":{"start":{"line":36,"column":2},"end":{"line":36,"column":58}},"15":{"start":{"line":52,"column":13},"end":{"line":273,"column":4}},"16":{"start":{"line":52,"column":75},"end":{"line":273,"column":2}},"17":{"start":{"line":66,"column":20},"end":{"line":66,"column":45}},"18":{"start":{"line":67,"column":34},"end":{"line":67,"column":82}},"19":{"start":{"line":67,"column":59},"end":{"line":67,"column":81}},"20":{"start":{"line":69,"column":34},"end":{"line":72,"column":6}},"21":{"start":{"line":70,"column":20},"end":{"line":70,"column":99}},"22":{"start":{"line":71,"column":6},"end":{"line":71,"column":83}},"23":{"start":{"line":74,"column":21},"end":{"line":74,"column":74}},"24":{"start":{"line":76,"column":4},"end":{"line":88,"column":7}},"25":{"start":{"line":92,"column":4},"end":{"line":92,"column":59}},"26":{"start":{"line":96,"column":70},"end":{"line":96,"column":75}},"27":{"start":{"line":97,"column":4},"end":{"line":97,"column":56}},"28":{"start":{"line":97,"column":49},"end":{"line":97,"column":56}},"29":{"start":{"line":99,"column":16},"end":{"line":99,"column":26}},"30":{"start":{"line":100,"column":21},"end":{"line":100,"column":77}},"31":{"start":{"line":103,"column":4},"end":{"line":106,"column":5}},"32":{"start":{"line":104,"column":6},"end":{"line":104,"column":114}},"33":{"start":{"line":105,"column":6},"end":{"line":105,"column":13}},"34":{"start":{"line":108,"column":20},"end":{"line":108,"column":60}},"35":{"start":{"line":109,"column":17},"end":{"line":111,"column":44}},"36":{"start":{"line":110,"column":41},"end":{"line":110,"column":58}},"37":{"start":{"line":113,"column":4},"end":{"line":118,"column":7}},"38":{"start":{"line":122,"column":94},"end":{"line":122,"column":99}},"39":{"start":{"line":123,"column":4},"end":{"line":123,"column":68}},"40":{"start":{"line":123,"column":61},"end":{"line":123,"column":68}},"41":{"start":{"line":125,"column":16},"end":{"line":125,"column":58}},"42":{"start":{"line":125,"column":34},"end":{"line":125,"column":57}},"43":{"start":{"line":126,"column":4},"end":{"line":126,"column":21}},"44":{"start":{"line":126,"column":14},"end":{"line":126,"column":21}},"45":{"start":{"line":128,"column":26},"end":{"line":128,"column":93}},"46":{"start":{"line":128,"column":49},"end":{"line":128,"column":92}},"47":{"start":{"line":129,"column":4},"end":{"line":129,"column":43}},"48":{"start":{"line":129,"column":36},"end":{"line":129,"column":43}},"49":{"start":{"line":132,"column":22},"end":{"line":132,"column":66}},"50":{"start":{"line":133,"column":22},"end":{"line":133,"column":44}},"51":{"start":{"line":134,"column":26},"end":{"line":134,"column":48}},"52":{"start":{"line":136,"column":22},"end":{"line":136,"column":90}},"53":{"start":{"line":136,"column":45},"end":{"line":136,"column":89}},"54":{"start":{"line":137,"column":20},"end":{"line":137,"column":42}},"55":{"start":{"line":139,"column":35},"end":{"line":139,"column":88}},"56":{"start":{"line":140,"column":27},"end":{"line":140,"column":85}},"57":{"start":{"line":140,"column":44},"end":{"line":140,"column":84}},"58":{"start":{"line":142,"column":16},"end":{"line":142,"column":26}},"59":{"start":{"line":143,"column":23},"end":{"line":143,"column":59}},"60":{"start":{"line":143,"column":49},"end":{"line":143,"column":58}},"61":{"start":{"line":145,"column":4},"end":{"line":164,"column":5}},"62":{"start":{"line":146,"column":25},"end":{"line":146,"column":93}},"63":{"start":{"line":147,"column":6},"end":{"line":155,"column":9}},"64":{"start":{"line":157,"column":6},"end":{"line":163,"column":9}},"65":{"start":{"line":168,"column":52},"end":{"line":168,"column":57}},"66":{"start":{"line":169,"column":4},"end":{"line":169,"column":56}},"67":{"start":{"line":169,"column":49},"end":{"line":169,"column":56}},"68":{"start":{"line":171,"column":16},"end":{"line":171,"column":26}},"69":{"start":{"line":172,"column":21},"end":{"line":172,"column":77}},"70":{"start":{"line":174,"column":16},"end":{"line":174,"column":52}},"71":{"start":{"line":174,"column":34},"end":{"line":174,"column":51}},"72":{"start":{"line":175,"column":4},"end":{"line":175,"column":21}},"73":{"start":{"line":175,"column":14},"end":{"line":175,"column":21}},"74":{"start":{"line":177,"column":15},"end":{"line":177,"column":63}},"75":{"start":{"line":177,"column":35},"end":{"line":177,"column":62}},"76":{"start":{"line":178,"column":4},"end":{"line":178,"column":35}},"77":{"start":{"line":178,"column":28},"end":{"line":178,"column":35}},"78":{"start":{"line":180,"column":17},"end":{"line":180,"column":29}},"79":{"start":{"line":182,"column":4},"end":{"line":199,"column":5}},"80":{"start":{"line":183,"column":20},"end":{"line":183,"column":60}},"81":{"start":{"line":184,"column":26},"end":{"line":184,"column":54}},"82":{"start":{"line":185,"column":23},"end":{"line":185,"column":87}},"83":{"start":{"line":185,"column":45},"end":{"line":185,"column":72}},"84":{"start":{"line":186,"column":29},"end":{"line":186,"column":96}},"85":{"start":{"line":186,"column":46},"end":{"line":186,"column":95}},"86":{"start":{"line":187,"column":6},"end":{"line":187,"column":148}},"87":{"start":{"line":188,"column":11},"end":{"line":199,"column":5}},"88":{"start":{"line":189,"column":36},"end":{"line":189,"column":76}},"89":{"start":{"line":190,"column":6},"end":{"line":190,"column":74}},"90":{"start":{"line":191,"column":11},"end":{"line":199,"column":5}},"91":{"start":{"line":192,"column":20},"end":{"line":192,"column":40}},"92":{"start":{"line":193,"column":26},"end":{"line":193,"column":54}},"93":{"start":{"line":194,"column":23},"end":{"line":194,"column":87}},"94":{"start":{"line":194,"column":45},"end":{"line":194,"column":72}},"95":{"start":{"line":195,"column":29},"end":{"line":196,"column":null}},"96":{"start":{"line":196,"column":8},"end":{"line":196,"column":79}},"97":{"start":{"line":198,"column":6},"end":{"line":198,"column":148}},"98":{"start":{"line":203,"column":38},"end":{"line":203,"column":43}},"99":{"start":{"line":204,"column":4},"end":{"line":204,"column":30}},"100":{"start":{"line":204,"column":23},"end":{"line":204,"column":30}},"101":{"start":{"line":206,"column":43},"end":{"line":206,"column":55}},"102":{"start":{"line":207,"column":27},"end":{"line":213,"column":6}},"103":{"start":{"line":208,"column":6},"end":{"line":208,"column":48}},"104":{"start":{"line":208,"column":37},"end":{"line":208,"column":48}},"105":{"start":{"line":209,"column":23},"end":{"line":210,"column":null}},"106":{"start":{"line":210,"column":8},"end":{"line":210,"column":88}},"107":{"start":{"line":212,"column":6},"end":{"line":212,"column":66}},"108":{"start":{"line":215,"column":4},"end":{"line":215,"column":122}},"109":{"start":{"line":219,"column":38},"end":{"line":219,"column":43}},"110":{"start":{"line":220,"column":4},"end":{"line":220,"column":30}},"111":{"start":{"line":220,"column":23},"end":{"line":220,"column":30}},"112":{"start":{"line":222,"column":43},"end":{"line":222,"column":55}},"113":{"start":{"line":225,"column":25},"end":{"line":230,"column":6}},"114":{"start":{"line":226,"column":6},"end":{"line":226,"column":48}},"115":{"start":{"line":226,"column":37},"end":{"line":226,"column":48}},"116":{"start":{"line":227,"column":20},"end":{"line":227,"column":70}},"117":{"start":{"line":227,"column":41},"end":{"line":227,"column":69}},"118":{"start":{"line":228,"column":6},"end":{"line":228,"column":86}},"119":{"start":{"line":229,"column":6},"end":{"line":229,"column":85}},"120":{"start":{"line":229,"column":53},"end":{"line":229,"column":81}},"121":{"start":{"line":232,"column":4},"end":{"line":232,"column":27}},"122":{"start":{"line":232,"column":20},"end":{"line":232,"column":27}},"123":{"start":{"line":234,"column":23},"end":{"line":234,"column":32}},"124":{"start":{"line":235,"column":4},"end":{"line":238,"column":7}},"125":{"start":{"line":236,"column":6},"end":{"line":236,"column":42}},"126":{"start":{"line":236,"column":31},"end":{"line":236,"column":42}},"127":{"start":{"line":237,"column":6},"end":{"line":237,"column":84}},"128":{"start":{"line":240,"column":4},"end":{"line":240,"column":122}},"129":{"start":{"line":244,"column":4},"end":{"line":244,"column":42}},"130":{"start":{"line":244,"column":35},"end":{"line":244,"column":42}},"131":{"start":{"line":245,"column":4},"end":{"line":245,"column":29}},"132":{"start":{"line":249,"column":4},"end":{"line":249,"column":30}},"133":{"start":{"line":253,"column":34},"end":{"line":253,"column":39}},"134":{"start":{"line":255,"column":16},"end":{"line":255,"column":52}},"135":{"start":{"line":255,"column":34},"end":{"line":255,"column":51}},"136":{"start":{"line":256,"column":4},"end":{"line":256,"column":21}},"137":{"start":{"line":256,"column":14},"end":{"line":256,"column":21}},"138":{"start":{"line":258,"column":24},"end":{"line":258,"column":64}},"139":{"start":{"line":259,"column":24},"end":{"line":259,"column":58}},"140":{"start":{"line":260,"column":21},"end":{"line":260,"column":93}},"141":{"start":{"line":260,"column":44},"end":{"line":260,"column":72}},"142":{"start":{"line":262,"column":27},"end":{"line":262,"column":94}},"143":{"start":{"line":262,"column":44},"end":{"line":262,"column":93}},"144":{"start":{"line":264,"column":4},"end":{"line":271,"column":7}}},"fnMap":{"0":{"name":"makeFaceResolved","decl":{"start":{"line":10,"column":9},"end":{"line":10,"column":25}},"loc":{"start":{"line":10,"column":38},"end":{"line":12,"column":1}}},"1":{"name":"buildGameCard","decl":{"start":{"line":14,"column":9},"end":{"line":14,"column":22}},"loc":{"start":{"line":14,"column":81},"end":{"line":20,"column":1}}},"2":{"name":"recomputeBlocked","decl":{"start":{"line":23,"column":9},"end":{"line":23,"column":25}},"loc":{"start":{"line":23,"column":47},"end":{"line":25,"column":1}}},"3":{"name":"(anonymous_3)","decl":{"start":{"line":24,"column":21},"end":{"line":24,"column":24}},"loc":{"start":{"line":24,"column":29},"end":{"line":24,"column":55}}},"4":{"name":"computeScore","decl":{"start":{"line":27,"column":9},"end":{"line":27,"column":21}},"loc":{"start":{"line":31,"column":17},"end":{"line":37,"column":1}}},"5":{"name":"(anonymous_5)","decl":{"start":{"line":33,"column":45},"end":{"line":33,"column":46}},"loc":{"start":{"line":33,"column":59},"end":{"line":33,"column":81}}},"6":{"name":"(anonymous_6)","decl":{"start":{"line":52,"column":60},"end":{"line":52,"column":61}},"loc":{"start":{"line":52,"column":75},"end":{"line":273,"column":2}}},"7":{"name":"(anonymous_7)","decl":{"start":{"line":65,"column":2},"end":{"line":65,"column":10}},"loc":{"start":{"line":65,"column":10},"end":{"line":89,"column":3}}},"8":{"name":"(anonymous_8)","decl":{"start":{"line":67,"column":46},"end":{"line":67,"column":47}},"loc":{"start":{"line":67,"column":59},"end":{"line":67,"column":81}}},"9":{"name":"(anonymous_9)","decl":{"start":{"line":69,"column":49},"end":{"line":69,"column":50}},"loc":{"start":{"line":69,"column":66},"end":{"line":72,"column":5}}},"10":{"name":"(anonymous_10)","decl":{"start":{"line":91,"column":2},"end":{"line":91,"column":16}},"loc":{"start":{"line":91,"column":16},"end":{"line":93,"column":3}}},"11":{"name":"(anonymous_11)","decl":{"start":{"line":95,"column":2},"end":{"line":95,"column":21}},"loc":{"start":{"line":95,"column":42},"end":{"line":119,"column":3}}},"12":{"name":"(anonymous_12)","decl":{"start":{"line":110,"column":35},"end":{"line":110,"column":37}},"loc":{"start":{"line":110,"column":41},"end":{"line":110,"column":58}}},"13":{"name":"(anonymous_13)","decl":{"start":{"line":121,"column":2},"end":{"line":121,"column":18}},"loc":{"start":{"line":121,"column":18},"end":{"line":165,"column":3}}},"14":{"name":"(anonymous_14)","decl":{"start":{"line":125,"column":29},"end":{"line":125,"column":30}},"loc":{"start":{"line":125,"column":34},"end":{"line":125,"column":57}}},"15":{"name":"(anonymous_15)","decl":{"start":{"line":128,"column":43},"end":{"line":128,"column":45}},"loc":{"start":{"line":128,"column":49},"end":{"line":128,"column":92}}},"16":{"name":"(anonymous_16)","decl":{"start":{"line":136,"column":39},"end":{"line":136,"column":41}},"loc":{"start":{"line":136,"column":45},"end":{"line":136,"column":89}}},"17":{"name":"(anonymous_17)","decl":{"start":{"line":140,"column":39},"end":{"line":140,"column":40}},"loc":{"start":{"line":140,"column":44},"end":{"line":140,"column":84}}},"18":{"name":"(anonymous_18)","decl":{"start":{"line":143,"column":44},"end":{"line":143,"column":45}},"loc":{"start":{"line":143,"column":49},"end":{"line":143,"column":58}}},"19":{"name":"(anonymous_19)","decl":{"start":{"line":167,"column":2},"end":{"line":167,"column":18}},"loc":{"start":{"line":167,"column":39},"end":{"line":200,"column":3}}},"20":{"name":"(anonymous_20)","decl":{"start":{"line":174,"column":29},"end":{"line":174,"column":30}},"loc":{"start":{"line":174,"column":34},"end":{"line":174,"column":51}}},"21":{"name":"(anonymous_21)","decl":{"start":{"line":177,"column":30},"end":{"line":177,"column":31}},"loc":{"start":{"line":177,"column":35},"end":{"line":177,"column":62}}},"22":{"name":"(anonymous_22)","decl":{"start":{"line":185,"column":40},"end":{"line":185,"column":41}},"loc":{"start":{"line":185,"column":45},"end":{"line":185,"column":72}}},"23":{"name":"(anonymous_23)","decl":{"start":{"line":186,"column":41},"end":{"line":186,"column":42}},"loc":{"start":{"line":186,"column":46},"end":{"line":186,"column":95}}},"24":{"name":"(anonymous_24)","decl":{"start":{"line":194,"column":40},"end":{"line":194,"column":41}},"loc":{"start":{"line":194,"column":45},"end":{"line":194,"column":72}}},"25":{"name":"(anonymous_25)","decl":{"start":{"line":195,"column":41},"end":{"line":195,"column":42}},"loc":{"start":{"line":196,"column":8},"end":{"line":196,"column":79}}},"26":{"name":"(anonymous_26)","decl":{"start":{"line":202,"column":2},"end":{"line":202,"column":18}},"loc":{"start":{"line":202,"column":18},"end":{"line":216,"column":3}}},"27":{"name":"(anonymous_27)","decl":{"start":{"line":207,"column":39},"end":{"line":207,"column":42}},"loc":{"start":{"line":207,"column":45},"end":{"line":213,"column":5}}},"28":{"name":"(anonymous_28)","decl":{"start":{"line":209,"column":37},"end":{"line":209,"column":39}},"loc":{"start":{"line":210,"column":8},"end":{"line":210,"column":88}}},"29":{"name":"(anonymous_29)","decl":{"start":{"line":218,"column":2},"end":{"line":218,"column":18}},"loc":{"start":{"line":218,"column":27},"end":{"line":241,"column":3}}},"30":{"name":"(anonymous_30)","decl":{"start":{"line":225,"column":37},"end":{"line":225,"column":40}},"loc":{"start":{"line":225,"column":43},"end":{"line":230,"column":5}}},"31":{"name":"(anonymous_31)","decl":{"start":{"line":227,"column":35},"end":{"line":227,"column":37}},"loc":{"start":{"line":227,"column":41},"end":{"line":227,"column":69}}},"32":{"name":"(anonymous_32)","decl":{"start":{"line":229,"column":47},"end":{"line":229,"column":49}},"loc":{"start":{"line":229,"column":53},"end":{"line":229,"column":81}}},"33":{"name":"(anonymous_33)","decl":{"start":{"line":235,"column":40},"end":{"line":235,"column":43}},"loc":{"start":{"line":235,"column":46},"end":{"line":238,"column":5}}},"34":{"name":"(anonymous_34)","decl":{"start":{"line":243,"column":2},"end":{"line":243,"column":16}},"loc":{"start":{"line":243,"column":16},"end":{"line":246,"column":3}}},"35":{"name":"(anonymous_35)","decl":{"start":{"line":248,"column":2},"end":{"line":248,"column":14}},"loc":{"start":{"line":248,"column":14},"end":{"line":250,"column":3}}},"36":{"name":"(anonymous_36)","decl":{"start":{"line":252,"column":2},"end":{"line":252,"column":13}},"loc":{"start":{"line":252,"column":34},"end":{"line":272,"column":3}}},"37":{"name":"(anonymous_37)","decl":{"start":{"line":255,"column":29},"end":{"line":255,"column":30}},"loc":{"start":{"line":255,"column":34},"end":{"line":255,"column":51}}},"38":{"name":"(anonymous_38)","decl":{"start":{"line":260,"column":38},"end":{"line":260,"column":40}},"loc":{"start":{"line":260,"column":44},"end":{"line":260,"column":72}}},"39":{"name":"(anonymous_39)","decl":{"start":{"line":262,"column":39},"end":{"line":262,"column":40}},"loc":{"start":{"line":262,"column":44},"end":{"line":262,"column":93}}}},"branchMap":{"0":{"loc":{"start":{"line":11,"column":9},"end":{"line":11,"column":53}},"type":"binary-expr","locations":[{"start":{"line":11,"column":9},"end":{"line":11,"column":21}},{"start":{"line":11,"column":25},"end":{"line":11,"column":37}},{"start":{"line":11,"column":41},"end":{"line":11,"column":53}}]},"1":{"loc":{"start":{"line":97,"column":4},"end":{"line":97,"column":56}},"type":"if","locations":[{"start":{"line":97,"column":4},"end":{"line":97,"column":56}},{"start":{},"end":{}}]},"2":{"loc":{"start":{"line":97,"column":8},"end":{"line":97,"column":47}},"type":"binary-expr","locations":[{"start":{"line":97,"column":8},"end":{"line":97,"column":24}},{"start":{"line":97,"column":28},"end":{"line":97,"column":47}}]},"3":{"loc":{"start":{"line":100,"column":21},"end":{"line":100,"column":77}},"type":"cond-expr","locations":[{"start":{"line":100,"column":62},"end":{"line":100,"column":65}},{"start":{"line":100,"column":68},"end":{"line":100,"column":77}}]},"4":{"loc":{"start":{"line":100,"column":21},"end":{"line":100,"column":59}},"type":"binary-expr","locations":[{"start":{"line":100,"column":21},"end":{"line":100,"column":37}},{"start":{"line":100,"column":41},"end":{"line":100,"column":59}}]},"5":{"loc":{"start":{"line":103,"column":4},"end":{"line":106,"column":5}},"type":"if","locations":[{"start":{"line":103,"column":4},"end":{"line":106,"column":5}},{"start":{},"end":{}}]},"6":{"loc":{"start":{"line":103,"column":8},"end":{"line":103,"column":62}},"type":"binary-expr","locations":[{"start":{"line":103,"column":8},"end":{"line":103,"column":31}},{"start":{"line":103,"column":35},"end":{"line":103,"column":62}}]},"7":{"loc":{"start":{"line":109,"column":17},"end":{"line":111,"column":44}},"type":"cond-expr","locations":[{"start":{"line":110,"column":8},"end":{"line":110,"column":59}},{"start":{"line":111,"column":8},"end":{"line":111,"column":44}}]},"8":{"loc":{"start":{"line":116,"column":22},"end":{"line":116,"column":57}},"type":"cond-expr","locations":[{"start":{"line":116,"column":42},"end":{"line":116,"column":46}},{"start":{"line":116,"column":49},"end":{"line":116,"column":57}}]},"9":{"loc":{"start":{"line":123,"column":4},"end":{"line":123,"column":68}},"type":"if","locations":[{"start":{"line":123,"column":4},"end":{"line":123,"column":68}},{"start":{},"end":{}}]},"10":{"loc":{"start":{"line":123,"column":8},"end":{"line":123,"column":59}},"type":"binary-expr","locations":[{"start":{"line":123,"column":8},"end":{"line":123,"column":23}},{"start":{"line":123,"column":27},"end":{"line":123,"column":59}}]},"11":{"loc":{"start":{"line":126,"column":4},"end":{"line":126,"column":21}},"type":"if","locations":[{"start":{"line":126,"column":4},"end":{"line":126,"column":21}},{"start":{},"end":{}}]},"12":{"loc":{"start":{"line":129,"column":4},"end":{"line":129,"column":43}},"type":"if","locations":[{"start":{"line":129,"column":4},"end":{"line":129,"column":43}},{"start":{},"end":{}}]},"13":{"loc":{"start":{"line":140,"column":44},"end":{"line":140,"column":84}},"type":"cond-expr","locations":[{"start":{"line":140,"column":70},"end":{"line":140,"column":80}},{"start":{"line":140,"column":83},"end":{"line":140,"column":84}}]},"14":{"loc":{"start":{"line":145,"column":4},"end":{"line":164,"column":5}},"type":"if","locations":[{"start":{"line":145,"column":4},"end":{"line":164,"column":5}},{"start":{"line":156,"column":11},"end":{"line":164,"column":5}}]},"15":{"loc":{"start":{"line":146,"column":71},"end":{"line":146,"column":87}},"type":"binary-expr","locations":[{"start":{"line":146,"column":71},"end":{"line":146,"column":80}},{"start":{"line":146,"column":84},"end":{"line":146,"column":87}}]},"16":{"loc":{"start":{"line":169,"column":4},"end":{"line":169,"column":56}},"type":"if","locations":[{"start":{"line":169,"column":4},"end":{"line":169,"column":56}},{"start":{},"end":{}}]},"17":{"loc":{"start":{"line":169,"column":8},"end":{"line":169,"column":47}},"type":"binary-expr","locations":[{"start":{"line":169,"column":8},"end":{"line":169,"column":24}},{"start":{"line":169,"column":28},"end":{"line":169,"column":47}}]},"18":{"loc":{"start":{"line":172,"column":21},"end":{"line":172,"column":77}},"type":"cond-expr","locations":[{"start":{"line":172,"column":62},"end":{"line":172,"column":65}},{"start":{"line":172,"column":68},"end":{"line":172,"column":77}}]},"19":{"loc":{"start":{"line":172,"column":21},"end":{"line":172,"column":59}},"type":"binary-expr","locations":[{"start":{"line":172,"column":21},"end":{"line":172,"column":37}},{"start":{"line":172,"column":41},"end":{"line":172,"column":59}}]},"20":{"loc":{"start":{"line":175,"column":4},"end":{"line":175,"column":21}},"type":"if","locations":[{"start":{"line":175,"column":4},"end":{"line":175,"column":21}},{"start":{},"end":{}}]},"21":{"loc":{"start":{"line":178,"column":4},"end":{"line":178,"column":35}},"type":"if","locations":[{"start":{"line":178,"column":4},"end":{"line":178,"column":35}},{"start":{},"end":{}}]},"22":{"loc":{"start":{"line":178,"column":8},"end":{"line":178,"column":26}},"type":"binary-expr","locations":[{"start":{"line":178,"column":8},"end":{"line":178,"column":11}},{"start":{"line":178,"column":15},"end":{"line":178,"column":26}}]},"23":{"loc":{"start":{"line":182,"column":4},"end":{"line":199,"column":5}},"type":"if","locations":[{"start":{"line":182,"column":4},"end":{"line":199,"column":5}},{"start":{"line":188,"column":11},"end":{"line":199,"column":5}}]},"24":{"loc":{"start":{"line":183,"column":20},"end":{"line":183,"column":60}},"type":"cond-expr","locations":[{"start":{"line":183,"column":42},"end":{"line":183,"column":55}},{"start":{"line":183,"column":58},"end":{"line":183,"column":60}}]},"25":{"loc":{"start":{"line":186,"column":46},"end":{"line":186,"column":95}},"type":"cond-expr","locations":[{"start":{"line":186,"column":66},"end":{"line":186,"column":91}},{"start":{"line":186,"column":94},"end":{"line":186,"column":95}}]},"26":{"loc":{"start":{"line":188,"column":11},"end":{"line":199,"column":5}},"type":"if","locations":[{"start":{"line":188,"column":11},"end":{"line":199,"column":5}},{"start":{"line":191,"column":11},"end":{"line":199,"column":5}}]},"27":{"loc":{"start":{"line":191,"column":11},"end":{"line":199,"column":5}},"type":"if","locations":[{"start":{"line":191,"column":11},"end":{"line":199,"column":5}},{"start":{},"end":{}}]},"28":{"loc":{"start":{"line":196,"column":8},"end":{"line":196,"column":79}},"type":"cond-expr","locations":[{"start":{"line":196,"column":28},"end":{"line":196,"column":75}},{"start":{"line":196,"column":78},"end":{"line":196,"column":79}}]},"29":{"loc":{"start":{"line":204,"column":4},"end":{"line":204,"column":30}},"type":"if","locations":[{"start":{"line":204,"column":4},"end":{"line":204,"column":30}},{"start":{},"end":{}}]},"30":{"loc":{"start":{"line":208,"column":6},"end":{"line":208,"column":48}},"type":"if","locations":[{"start":{"line":208,"column":6},"end":{"line":208,"column":48}},{"start":{},"end":{}}]},"31":{"loc":{"start":{"line":210,"column":8},"end":{"line":210,"column":88}},"type":"cond-expr","locations":[{"start":{"line":210,"column":39},"end":{"line":210,"column":83}},{"start":{"line":210,"column":86},"end":{"line":210,"column":88}}]},"32":{"loc":{"start":{"line":220,"column":4},"end":{"line":220,"column":30}},"type":"if","locations":[{"start":{"line":220,"column":4},"end":{"line":220,"column":30}},{"start":{},"end":{}}]},"33":{"loc":{"start":{"line":226,"column":6},"end":{"line":226,"column":48}},"type":"if","locations":[{"start":{"line":226,"column":6},"end":{"line":226,"column":48}},{"start":{},"end":{}}]},"34":{"loc":{"start":{"line":228,"column":18},"end":{"line":228,"column":85}},"type":"cond-expr","locations":[{"start":{"line":228,"column":26},"end":{"line":228,"column":73}},{"start":{"line":228,"column":76},"end":{"line":228,"column":85}}]},"35":{"loc":{"start":{"line":232,"column":4},"end":{"line":232,"column":27}},"type":"if","locations":[{"start":{"line":232,"column":4},"end":{"line":232,"column":27}},{"start":{},"end":{}}]},"36":{"loc":{"start":{"line":236,"column":6},"end":{"line":236,"column":42}},"type":"if","locations":[{"start":{"line":236,"column":6},"end":{"line":236,"column":42}},{"start":{},"end":{}}]},"37":{"loc":{"start":{"line":244,"column":4},"end":{"line":244,"column":42}},"type":"if","locations":[{"start":{"line":244,"column":4},"end":{"line":244,"column":42}},{"start":{},"end":{}}]},"38":{"loc":{"start":{"line":256,"column":4},"end":{"line":256,"column":21}},"type":"if","locations":[{"start":{"line":256,"column":4},"end":{"line":256,"column":21}},{"start":{},"end":{}}]},"39":{"loc":{"start":{"line":258,"column":24},"end":{"line":258,"column":64}},"type":"cond-expr","locations":[{"start":{"line":258,"column":46},"end":{"line":258,"column":59}},{"start":{"line":258,"column":62},"end":{"line":258,"column":64}}]},"40":{"loc":{"start":{"line":262,"column":44},"end":{"line":262,"column":93}},"type":"cond-expr","locations":[{"start":{"line":262,"column":64},"end":{"line":262,"column":89}},{"start":{"line":262,"column":92},"end":{"line":262,"column":93}}]}},"s":{"0":1,"1":1,"2":1,"3":1,"4":1,"5":1,"6":52,"7":52,"8":0,"9":0,"10":0,"11":0,"12":0,"13":0,"14":0,"15":1,"16":1,"17":1,"18":1,"19":52,"20":1,"21":4,"22":4,"23":1,"24":1,"25":0,"26":0,"27":0,"28":0,"29":0,"30":0,"31":0,"32":0,"33":0,"34":0,"35":0,"36":0,"37":0,"38":1,"39":1,"40":0,"41":1,"42":1,"43":1,"44":0,"45":1,"46":2,"47":1,"48":0,"49":1,"50":1,"51":1,"52":1,"53":2,"54":1,"55":1,"56":1,"57":4,"58":1,"59":1,"60":2,"61":1,"62":0,"63":0,"64":1,"65":3,"66":3,"67":0,"68":3,"69":3,"70":3,"71":3,"72":3,"73":0,"74":3,"75":3,"76":3,"77":0,"78":3,"79":3,"80":1,"81":1,"82":1,"83":2,"84":1,"85":4,"86":1,"87":2,"88":2,"89":2,"90":0,"91":0,"92":0,"93":0,"94":0,"95":0,"96":0,"97":0,"98":1,"99":1,"100":0,"101":1,"102":1,"103":4,"104":3,"105":1,"106":1,"107":1,"108":1,"109":1,"110":1,"111":0,"112":1,"113":1,"114":4,"115":3,"116":1,"117":1,"118":1,"119":1,"120":1,"121":1,"122":0,"123":1,"124":1,"125":4,"126":3,"127":1,"128":1,"129":0,"130":0,"131":0,"132":0,"133":0,"134":0,"135":0,"136":0,"137":0,"138":0,"139":0,"140":0,"141":0,"142":0,"143":0,"144":0},"f":{"0":52,"1":52,"2":0,"3":0,"4":0,"5":0,"6":1,"7":1,"8":52,"9":4,"10":0,"11":0,"12":0,"13":1,"14":1,"15":2,"16":2,"17":4,"18":2,"19":3,"20":3,"21":3,"22":2,"23":4,"24":0,"25":0,"26":1,"27":4,"28":1,"29":1,"30":4,"31":1,"32":1,"33":4,"34":0,"35":0,"36":0,"37":0,"38":0,"39":0},"b":{"0":[52,48,44],"1":[0,0],"2":[0,0],"3":[0,0],"4":[0,0],"5":[0,0],"6":[0,0],"7":[0,0],"8":[0,0],"9":[0,1],"10":[1,1],"11":[0,1],"12":[0,1],"13":[1,3],"14":[0,1],"15":[0,0],"16":[0,3],"17":[3,0],"18":[3,0],"19":[3,3],"20":[0,3],"21":[0,3],"22":[3,3],"23":[1,2],"24":[1,0],"25":[1,3],"26":[2,0],"27":[0,0],"28":[0,0],"29":[0,1],"30":[3,1],"31":[1,0],"32":[0,1],"33":[3,1],"34":[1,0],"35":[0,1],"36":[3,1],"37":[0,0],"38":[0,0],"39":[0,0],"40":[0,0]}}
,"/Users/johnpickett/code/games/card-heist/src/store/historyStore.ts": {"path":"/Users/johnpickett/code/games/card-heist/src/store/historyStore.ts","statementMap":{"0":{"start":{"line":93,"column":0},"end":{"line":93,"column":16}},"1":{"start":{"line":1,"column":0},"end":{"line":1,"column":69}},"2":{"start":{"line":2,"column":0},"end":{"line":2,"column":33}},"3":{"start":{"line":3,"column":0},"end":{"line":3,"column":64}},"4":{"start":{"line":13,"column":13},"end":{"line":29,"column":2}},"5":{"start":{"line":15,"column":19},"end":{"line":23,"column":6}},"6":{"start":{"line":18,"column":31},"end":{"line":21,"column":8}},"7":{"start":{"line":22,"column":26},"end":{"line":22,"column":63}},"8":{"start":{"line":26,"column":39},"end":{"line":26,"column":51}},"9":{"start":{"line":94,"column":12},"end":{"line":94,"column":26}},"10":{"start":{"line":97,"column":15},"end":{"line":97,"column":48}},"11":{"start":{"line":97,"column":35},"end":{"line":97,"column":40}},"12":{"start":{"line":98,"column":17},"end":{"line":98,"column":25}},"13":{"start":{"line":99,"column":19},"end":{"line":99,"column":67}},"14":{"start":{"line":99,"column":39},"end":{"line":99,"column":44}},"15":{"start":{"line":99,"column":55},"end":{"line":99,"column":66}},"16":{"start":{"line":100,"column":22},"end":{"line":100,"column":76}},"17":{"start":{"line":100,"column":59},"end":{"line":100,"column":70}},"18":{"start":{"line":101,"column":24},"end":{"line":101,"column":74}},"19":{"start":{"line":102,"column":20},"end":{"line":102,"column":55}},"20":{"start":{"line":102,"column":46},"end":{"line":102,"column":51}},"21":{"start":{"line":104,"column":22},"end":{"line":104,"column":23}},"22":{"start":{"line":105,"column":2},"end":{"line":108,"column":3}},"23":{"start":{"line":105,"column":15},"end":{"line":105,"column":20}},"24":{"start":{"line":106,"column":4},"end":{"line":107,"column":15}},"25":{"start":{"line":106,"column":24},"end":{"line":106,"column":40}},"26":{"start":{"line":107,"column":9},"end":{"line":107,"column":15}},"27":{"start":{"line":109,"column":19},"end":{"line":109,"column":20}},"28":{"start":{"line":109,"column":29},"end":{"line":109,"column":30}},"29":{"start":{"line":110,"column":2},"end":{"line":113,"column":3}},"30":{"start":{"line":111,"column":4},"end":{"line":112,"column":18}},"31":{"start":{"line":111,"column":17},"end":{"line":111,"column":24}},"32":{"start":{"line":111,"column":25},"end":{"line":111,"column":65}},"33":{"start":{"line":112,"column":9},"end":{"line":112,"column":18}},"34":{"start":{"line":115,"column":32},"end":{"line":128,"column":4}},"35":{"start":{"line":127,"column":42},"end":{"line":127,"column":58}},"36":{"start":{"line":131,"column":21},"end":{"line":131,"column":94}},"37":{"start":{"line":131,"column":38},"end":{"line":131,"column":54}},"38":{"start":{"line":131,"column":83},"end":{"line":131,"column":93}},"39":{"start":{"line":132,"column":26},"end":{"line":144,"column":4}},"40":{"start":{"line":135,"column":63},"end":{"line":135,"column":68}},"41":{"start":{"line":136,"column":39},"end":{"line":136,"column":54}},"42":{"start":{"line":137,"column":39},"end":{"line":137,"column":93}},"43":{"start":{"line":138,"column":39},"end":{"line":138,"column":121}},"44":{"start":{"line":139,"column":39},"end":{"line":139,"column":121}},"45":{"start":{"line":140,"column":39},"end":{"line":140,"column":121}},"46":{"start":{"line":141,"column":39},"end":{"line":141,"column":92}},"47":{"start":{"line":142,"column":39},"end":{"line":142,"column":63}},"48":{"start":{"line":143,"column":41},"end":{"line":143,"column":62}},"49":{"start":{"line":147,"column":21},"end":{"line":147,"column":51}},"50":{"start":{"line":147,"column":38},"end":{"line":147,"column":50}},"51":{"start":{"line":148,"column":26},"end":{"line":156,"column":4}},"52":{"start":{"line":151,"column":50},"end":{"line":151,"column":55}},"53":{"start":{"line":152,"column":45},"end":{"line":152,"column":65}},"54":{"start":{"line":153,"column":41},"end":{"line":153,"column":57}},"55":{"start":{"line":154,"column":43},"end":{"line":154,"column":61}},"56":{"start":{"line":155,"column":46},"end":{"line":155,"column":67}},"57":{"start":{"line":159,"column":22},"end":{"line":159,"column":100}},"58":{"start":{"line":159,"column":39},"end":{"line":159,"column":45}},"59":{"start":{"line":159,"column":89},"end":{"line":159,"column":99}},"60":{"start":{"line":160,"column":20},"end":{"line":160,"column":38}},"61":{"start":{"line":161,"column":19},"end":{"line":161,"column":56}},"62":{"start":{"line":161,"column":43},"end":{"line":161,"column":48}},"63":{"start":{"line":162,"column":19},"end":{"line":162,"column":54}},"64":{"start":{"line":162,"column":40},"end":{"line":162,"column":53}},"65":{"start":{"line":163,"column":26},"end":{"line":177,"column":4}},"66":{"start":{"line":167,"column":51},"end":{"line":167,"column":68}},"67":{"start":{"line":168,"column":50},"end":{"line":168,"column":66}},"68":{"start":{"line":169,"column":50},"end":{"line":169,"column":66}},"69":{"start":{"line":170,"column":56},"end":{"line":170,"column":78}},"70":{"start":{"line":171,"column":51},"end":{"line":171,"column":68}},"71":{"start":{"line":172,"column":56},"end":{"line":172,"column":78}},"72":{"start":{"line":173,"column":42},"end":{"line":173,"column":47}},"73":{"start":{"line":174,"column":56},"end":{"line":174,"column":61}},"74":{"start":{"line":175,"column":64},"end":{"line":175,"column":77}},"75":{"start":{"line":176,"column":69},"end":{"line":176,"column":87}},"76":{"start":{"line":179,"column":2},"end":{"line":179,"column":39}}},"fnMap":{"0":{"name":"(anonymous_1)","decl":{"start":{"line":15,"column":4},"end":{"line":15,"column":5}},"loc":{"start":{"line":15,"column":19},"end":{"line":23,"column":6}}},"1":{"name":"(anonymous_2)","decl":{"start":{"line":18,"column":19},"end":{"line":18,"column":20}},"loc":{"start":{"line":18,"column":31},"end":{"line":21,"column":8}}},"2":{"name":"(anonymous_3)","decl":{"start":{"line":22,"column":20},"end":{"line":22,"column":23}},"loc":{"start":{"line":22,"column":26},"end":{"line":22,"column":63}}},"3":{"name":"(anonymous_4)","decl":{"start":{"line":26,"column":33},"end":{"line":26,"column":36}},"loc":{"start":{"line":26,"column":39},"end":{"line":26,"column":51}}},"4":{"name":"computeStats","decl":{"start":{"line":93,"column":16},"end":{"line":93,"column":28}},"loc":{"start":{"line":93,"column":51},"end":{"line":180,"column":1}}},"5":{"name":"(anonymous_6)","decl":{"start":{"line":97,"column":30},"end":{"line":97,"column":31}},"loc":{"start":{"line":97,"column":35},"end":{"line":97,"column":40}}},"6":{"name":"(anonymous_7)","decl":{"start":{"line":99,"column":34},"end":{"line":99,"column":35}},"loc":{"start":{"line":99,"column":39},"end":{"line":99,"column":44}}},"7":{"name":"(anonymous_8)","decl":{"start":{"line":99,"column":50},"end":{"line":99,"column":51}},"loc":{"start":{"line":99,"column":55},"end":{"line":99,"column":66}}},"8":{"name":"(anonymous_9)","decl":{"start":{"line":100,"column":54},"end":{"line":100,"column":55}},"loc":{"start":{"line":100,"column":59},"end":{"line":100,"column":70}}},"9":{"name":"(anonymous_10)","decl":{"start":{"line":102,"column":36},"end":{"line":102,"column":37}},"loc":{"start":{"line":102,"column":46},"end":{"line":102,"column":51}}},"10":{"name":"(anonymous_11)","decl":{"start":{"line":127,"column":32},"end":{"line":127,"column":33}},"loc":{"start":{"line":127,"column":42},"end":{"line":127,"column":58}}},"11":{"name":"(anonymous_12)","decl":{"start":{"line":131,"column":33},"end":{"line":131,"column":34}},"loc":{"start":{"line":131,"column":38},"end":{"line":131,"column":54}}},"12":{"name":"(anonymous_13)","decl":{"start":{"line":131,"column":63},"end":{"line":131,"column":64}},"loc":{"start":{"line":131,"column":83},"end":{"line":131,"column":93}}},"13":{"name":"(anonymous_14)","decl":{"start":{"line":135,"column":53},"end":{"line":135,"column":54}},"loc":{"start":{"line":135,"column":63},"end":{"line":135,"column":68}}},"14":{"name":"(anonymous_15)","decl":{"start":{"line":136,"column":34},"end":{"line":136,"column":35}},"loc":{"start":{"line":136,"column":39},"end":{"line":136,"column":54}}},"15":{"name":"(anonymous_16)","decl":{"start":{"line":137,"column":34},"end":{"line":137,"column":35}},"loc":{"start":{"line":137,"column":39},"end":{"line":137,"column":93}}},"16":{"name":"(anonymous_17)","decl":{"start":{"line":138,"column":34},"end":{"line":138,"column":35}},"loc":{"start":{"line":138,"column":39},"end":{"line":138,"column":121}}},"17":{"name":"(anonymous_18)","decl":{"start":{"line":139,"column":34},"end":{"line":139,"column":35}},"loc":{"start":{"line":139,"column":39},"end":{"line":139,"column":121}}},"18":{"name":"(anonymous_19)","decl":{"start":{"line":140,"column":34},"end":{"line":140,"column":35}},"loc":{"start":{"line":140,"column":39},"end":{"line":140,"column":121}}},"19":{"name":"(anonymous_20)","decl":{"start":{"line":141,"column":34},"end":{"line":141,"column":35}},"loc":{"start":{"line":141,"column":39},"end":{"line":141,"column":92}}},"20":{"name":"(anonymous_21)","decl":{"start":{"line":142,"column":34},"end":{"line":142,"column":35}},"loc":{"start":{"line":142,"column":39},"end":{"line":142,"column":63}}},"21":{"name":"(anonymous_22)","decl":{"start":{"line":143,"column":31},"end":{"line":143,"column":32}},"loc":{"start":{"line":143,"column":41},"end":{"line":143,"column":62}}},"22":{"name":"(anonymous_23)","decl":{"start":{"line":147,"column":33},"end":{"line":147,"column":34}},"loc":{"start":{"line":147,"column":38},"end":{"line":147,"column":50}}},"23":{"name":"(anonymous_24)","decl":{"start":{"line":151,"column":40},"end":{"line":151,"column":41}},"loc":{"start":{"line":151,"column":50},"end":{"line":151,"column":55}}},"24":{"name":"(anonymous_25)","decl":{"start":{"line":152,"column":35},"end":{"line":152,"column":36}},"loc":{"start":{"line":152,"column":45},"end":{"line":152,"column":65}}},"25":{"name":"(anonymous_26)","decl":{"start":{"line":153,"column":31},"end":{"line":153,"column":32}},"loc":{"start":{"line":153,"column":41},"end":{"line":153,"column":57}}},"26":{"name":"(anonymous_27)","decl":{"start":{"line":154,"column":33},"end":{"line":154,"column":34}},"loc":{"start":{"line":154,"column":43},"end":{"line":154,"column":61}}},"27":{"name":"(anonymous_28)","decl":{"start":{"line":155,"column":36},"end":{"line":155,"column":37}},"loc":{"start":{"line":155,"column":46},"end":{"line":155,"column":67}}},"28":{"name":"(anonymous_29)","decl":{"start":{"line":159,"column":34},"end":{"line":159,"column":35}},"loc":{"start":{"line":159,"column":39},"end":{"line":159,"column":45}}},"29":{"name":"(anonymous_30)","decl":{"start":{"line":159,"column":54},"end":{"line":159,"column":55}},"loc":{"start":{"line":159,"column":89},"end":{"line":159,"column":99}}},"30":{"name":"(anonymous_31)","decl":{"start":{"line":161,"column":38},"end":{"line":161,"column":39}},"loc":{"start":{"line":161,"column":43},"end":{"line":161,"column":48}}},"31":{"name":"(anonymous_32)","decl":{"start":{"line":162,"column":35},"end":{"line":162,"column":36}},"loc":{"start":{"line":162,"column":40},"end":{"line":162,"column":53}}},"32":{"name":"(anonymous_33)","decl":{"start":{"line":167,"column":41},"end":{"line":167,"column":42}},"loc":{"start":{"line":167,"column":51},"end":{"line":167,"column":68}}},"33":{"name":"(anonymous_34)","decl":{"start":{"line":168,"column":40},"end":{"line":168,"column":41}},"loc":{"start":{"line":168,"column":50},"end":{"line":168,"column":66}}},"34":{"name":"(anonymous_35)","decl":{"start":{"line":169,"column":40},"end":{"line":169,"column":41}},"loc":{"start":{"line":169,"column":50},"end":{"line":169,"column":66}}},"35":{"name":"(anonymous_36)","decl":{"start":{"line":170,"column":46},"end":{"line":170,"column":47}},"loc":{"start":{"line":170,"column":56},"end":{"line":170,"column":78}}},"36":{"name":"(anonymous_37)","decl":{"start":{"line":171,"column":41},"end":{"line":171,"column":42}},"loc":{"start":{"line":171,"column":51},"end":{"line":171,"column":68}}},"37":{"name":"(anonymous_38)","decl":{"start":{"line":172,"column":46},"end":{"line":172,"column":47}},"loc":{"start":{"line":172,"column":56},"end":{"line":172,"column":78}}},"38":{"name":"(anonymous_39)","decl":{"start":{"line":173,"column":32},"end":{"line":173,"column":33}},"loc":{"start":{"line":173,"column":42},"end":{"line":173,"column":47}}},"39":{"name":"(anonymous_40)","decl":{"start":{"line":174,"column":46},"end":{"line":174,"column":47}},"loc":{"start":{"line":174,"column":56},"end":{"line":174,"column":61}}},"40":{"name":"(anonymous_41)","decl":{"start":{"line":175,"column":59},"end":{"line":175,"column":60}},"loc":{"start":{"line":175,"column":64},"end":{"line":175,"column":77}}},"41":{"name":"(anonymous_42)","decl":{"start":{"line":176,"column":64},"end":{"line":176,"column":65}},"loc":{"start":{"line":176,"column":69},"end":{"line":176,"column":87}}}},"branchMap":{"0":{"loc":{"start":{"line":100,"column":22},"end":{"line":100,"column":76}},"type":"cond-expr","locations":[{"start":{"line":100,"column":30},"end":{"line":100,"column":72}},{"start":{"line":100,"column":75},"end":{"line":100,"column":76}}]},"1":{"loc":{"start":{"line":101,"column":24},"end":{"line":101,"column":74}},"type":"cond-expr","locations":[{"start":{"line":101,"column":46},"end":{"line":101,"column":67}},{"start":{"line":101,"column":70},"end":{"line":101,"column":74}}]},"2":{"loc":{"start":{"line":106,"column":4},"end":{"line":107,"column":15}},"type":"if","locations":[{"start":{"line":106,"column":4},"end":{"line":107,"column":15}},{"start":{"line":107,"column":9},"end":{"line":107,"column":15}}]},"3":{"loc":{"start":{"line":111,"column":4},"end":{"line":112,"column":18}},"type":"if","locations":[{"start":{"line":111,"column":4},"end":{"line":112,"column":18}},{"start":{"line":112,"column":9},"end":{"line":112,"column":18}}]},"4":{"loc":{"start":{"line":119,"column":13},"end":{"line":119,"column":33}},"type":"cond-expr","locations":[{"start":{"line":119,"column":21},"end":{"line":119,"column":29}},{"start":{"line":119,"column":32},"end":{"line":119,"column":33}}]},"5":{"loc":{"start":{"line":125,"column":15},"end":{"line":125,"column":45}},"type":"cond-expr","locations":[{"start":{"line":125,"column":23},"end":{"line":125,"column":38}},{"start":{"line":125,"column":41},"end":{"line":125,"column":45}}]},"6":{"loc":{"start":{"line":126,"column":14},"end":{"line":126,"column":48}},"type":"cond-expr","locations":[{"start":{"line":126,"column":22},"end":{"line":126,"column":41}},{"start":{"line":126,"column":44},"end":{"line":126,"column":48}}]},"7":{"loc":{"start":{"line":133,"column":12},"end":{"line":133,"column":66}},"type":"cond-expr","locations":[{"start":{"line":133,"column":36},"end":{"line":133,"column":59}},{"start":{"line":133,"column":62},"end":{"line":133,"column":66}}]},"8":{"loc":{"start":{"line":134,"column":13},"end":{"line":134,"column":67}},"type":"cond-expr","locations":[{"start":{"line":134,"column":37},"end":{"line":134,"column":60}},{"start":{"line":134,"column":63},"end":{"line":134,"column":67}}]},"9":{"loc":{"start":{"line":135,"column":11},"end":{"line":135,"column":99}},"type":"cond-expr","locations":[{"start":{"line":135,"column":35},"end":{"line":135,"column":92}},{"start":{"line":135,"column":95},"end":{"line":135,"column":99}}]},"10":{"loc":{"start":{"line":137,"column":39},"end":{"line":137,"column":93}},"type":"binary-expr","locations":[{"start":{"line":137,"column":39},"end":{"line":137,"column":64}},{"start":{"line":137,"column":68},"end":{"line":137,"column":93}}]},"11":{"loc":{"start":{"line":138,"column":39},"end":{"line":138,"column":121}},"type":"binary-expr","locations":[{"start":{"line":138,"column":39},"end":{"line":138,"column":64}},{"start":{"line":138,"column":68},"end":{"line":138,"column":92}},{"start":{"line":138,"column":96},"end":{"line":138,"column":121}}]},"12":{"loc":{"start":{"line":139,"column":39},"end":{"line":139,"column":121}},"type":"binary-expr","locations":[{"start":{"line":139,"column":39},"end":{"line":139,"column":64}},{"start":{"line":139,"column":68},"end":{"line":139,"column":92}},{"start":{"line":139,"column":96},"end":{"line":139,"column":121}}]},"13":{"loc":{"start":{"line":140,"column":39},"end":{"line":140,"column":121}},"type":"binary-expr","locations":[{"start":{"line":140,"column":39},"end":{"line":140,"column":64}},{"start":{"line":140,"column":68},"end":{"line":140,"column":92}},{"start":{"line":140,"column":96},"end":{"line":140,"column":121}}]},"14":{"loc":{"start":{"line":141,"column":39},"end":{"line":141,"column":92}},"type":"binary-expr","locations":[{"start":{"line":141,"column":39},"end":{"line":141,"column":64}},{"start":{"line":141,"column":68},"end":{"line":141,"column":92}}]},"15":{"loc":{"start":{"line":149,"column":18},"end":{"line":149,"column":56}},"type":"cond-expr","locations":[{"start":{"line":149,"column":26},"end":{"line":149,"column":49}},{"start":{"line":149,"column":52},"end":{"line":149,"column":56}}]},"16":{"loc":{"start":{"line":150,"column":17},"end":{"line":150,"column":55}},"type":"cond-expr","locations":[{"start":{"line":150,"column":25},"end":{"line":150,"column":48}},{"start":{"line":150,"column":51},"end":{"line":150,"column":55}}]},"17":{"loc":{"start":{"line":151,"column":14},"end":{"line":151,"column":70}},"type":"cond-expr","locations":[{"start":{"line":151,"column":22},"end":{"line":151,"column":63}},{"start":{"line":151,"column":66},"end":{"line":151,"column":70}}]},"18":{"loc":{"start":{"line":166,"column":13},"end":{"line":166,"column":53}},"type":"cond-expr","locations":[{"start":{"line":166,"column":29},"end":{"line":166,"column":49}},{"start":{"line":166,"column":52},"end":{"line":166,"column":53}}]},"19":{"loc":{"start":{"line":174,"column":14},"end":{"line":174,"column":84}},"type":"cond-expr","locations":[{"start":{"line":174,"column":30},"end":{"line":174,"column":77}},{"start":{"line":174,"column":80},"end":{"line":174,"column":84}}]},"20":{"loc":{"start":{"line":175,"column":15},"end":{"line":175,"column":83}},"type":"cond-expr","locations":[{"start":{"line":175,"column":31},"end":{"line":175,"column":79}},{"start":{"line":175,"column":82},"end":{"line":175,"column":83}}]},"21":{"loc":{"start":{"line":176,"column":20},"end":{"line":176,"column":93}},"type":"cond-expr","locations":[{"start":{"line":176,"column":36},"end":{"line":176,"column":89}},{"start":{"line":176,"column":92},"end":{"line":176,"column":93}}]}},"s":{"0":1,"1":1,"2":1,"3":1,"4":1,"5":1,"6":2,"7":1,"8":1,"9":4,"10":4,"11":14,"12":4,"13":4,"14":14,"15":13,"16":4,"17":14,"18":4,"19":4,"20":13,"21":4,"22":4,"23":4,"24":12,"25":11,"26":1,"27":4,"28":4,"29":4,"30":14,"31":13,"32":13,"33":1,"34":4,"35":14,"36":4,"37":14,"38":14,"39":4,"40":13,"41":14,"42":14,"43":14,"44":14,"45":14,"46":14,"47":14,"48":14,"49":4,"50":14,"51":4,"52":14,"53":14,"54":14,"55":14,"56":14,"57":4,"58":14,"59":14,"60":4,"61":4,"62":13,"63":4,"64":13,"65":4,"66":13,"67":13,"68":13,"69":13,"70":13,"71":13,"72":13,"73":13,"74":13,"75":13,"76":4},"f":{"0":1,"1":2,"2":1,"3":1,"4":4,"5":14,"6":14,"7":13,"8":14,"9":13,"10":14,"11":14,"12":14,"13":13,"14":14,"15":14,"16":14,"17":14,"18":14,"19":14,"20":14,"21":14,"22":14,"23":14,"24":14,"25":14,"26":14,"27":14,"28":14,"29":14,"30":13,"31":13,"32":13,"33":13,"34":13,"35":13,"36":13,"37":13,"38":13,"39":13,"40":13,"41":13},"b":{"0":[3,1],"1":[3,1],"2":[11,1],"3":[13,1],"4":[3,1],"5":[3,1],"6":[3,1],"7":[3,1],"8":[3,1],"9":[3,1],"10":[14,13],"11":[14,13,4],"12":[14,13,3],"13":[14,13,2],"14":[14,13],"15":[3,1],"16":[3,1],"17":[3,1],"18":[3,1],"19":[3,1],"20":[3,1],"21":[3,1]}}
,"/Users/johnpickett/code/games/card-heist/src/store/settingsStore.ts": {"path":"/Users/johnpickett/code/games/card-heist/src/store/settingsStore.ts","statementMap":{"0":{"start":{"line":1,"column":0},"end":{"line":1,"column":69}},"1":{"start":{"line":2,"column":0},"end":{"line":2,"column":33}},"2":{"start":{"line":3,"column":0},"end":{"line":3,"column":64}},"3":{"start":{"line":10,"column":13},"end":{"line":21,"column":2}},"4":{"start":{"line":12,"column":14},"end":{"line":15,"column":6}},"5":{"start":{"line":14,"column":36},"end":{"line":14,"column":66}},"6":{"start":{"line":18,"column":39},"end":{"line":18,"column":51}}},"fnMap":{"0":{"name":"(anonymous_1)","decl":{"start":{"line":12,"column":4},"end":{"line":12,"column":5}},"loc":{"start":{"line":12,"column":14},"end":{"line":15,"column":6}}},"1":{"name":"(anonymous_2)","decl":{"start":{"line":14,"column":23},"end":{"line":14,"column":24}},"loc":{"start":{"line":14,"column":36},"end":{"line":14,"column":66}}},"2":{"name":"(anonymous_3)","decl":{"start":{"line":18,"column":33},"end":{"line":18,"column":36}},"loc":{"start":{"line":18,"column":39},"end":{"line":18,"column":51}}}},"branchMap":{},"s":{"0":1,"1":1,"2":1,"3":1,"4":1,"5":2,"6":1},"f":{"0":1,"1":2,"2":1},"b":{}}
,"/Users/johnpickett/code/games/card-heist/src/store/sneakInStore.ts": {"path":"/Users/johnpickett/code/games/card-heist/src/store/sneakInStore.ts","statementMap":{"0":{"start":{"line":1,"column":0},"end":{"line":1,"column":33}},"1":{"start":{"line":2,"column":0},"end":{"line":2,"column":55}},"2":{"start":{"line":4,"column":0},"end":{"line":4,"column":null}},"3":{"start":{"line":16,"column":22},"end":{"line":16,"column":23}},"4":{"start":{"line":18,"column":2},"end":{"line":18,"column":35}},"5":{"start":{"line":22,"column":2},"end":{"line":22,"column":28}},"6":{"start":{"line":26,"column":2},"end":{"line":26,"column":57}},"7":{"start":{"line":26,"column":44},"end":{"line":26,"column":57}},"8":{"start":{"line":27,"column":2},"end":{"line":27,"column":84}},"9":{"start":{"line":27,"column":33},"end":{"line":27,"column":68}},"10":{"start":{"line":31,"column":26},"end":{"line":31,"column":28}},"11":{"start":{"line":32,"column":2},"end":{"line":39,"column":3}},"12":{"start":{"line":33,"column":4},"end":{"line":37,"column":5}},"13":{"start":{"line":33,"column":17},"end":{"line":33,"column":18}},"14":{"start":{"line":34,"column":6},"end":{"line":36,"column":7}},"15":{"start":{"line":34,"column":19},"end":{"line":34,"column":24}},"16":{"start":{"line":35,"column":8},"end":{"line":35,"column":43}},"17":{"start":{"line":38,"column":4},"end":{"line":38,"column":15}},"18":{"start":{"line":41,"column":2},"end":{"line":47,"column":3}},"19":{"start":{"line":41,"column":15},"end":{"line":41,"column":16}},"20":{"start":{"line":42,"column":4},"end":{"line":46,"column":5}},"21":{"start":{"line":42,"column":17},"end":{"line":42,"column":22}},"22":{"start":{"line":43,"column":6},"end":{"line":45,"column":7}},"23":{"start":{"line":43,"column":19},"end":{"line":43,"column":24}},"24":{"start":{"line":44,"column":8},"end":{"line":44,"column":55}},"25":{"start":{"line":48,"column":2},"end":{"line":48,"column":13}},"26":{"start":{"line":54,"column":28},"end":{"line":54,"column":30}},"27":{"start":{"line":55,"column":12},"end":{"line":55,"column":13}},"28":{"start":{"line":56,"column":2},"end":{"line":64,"column":3}},"29":{"start":{"line":56,"column":15},"end":{"line":56,"column":16}},"30":
[...]
:213,"column":37},"end":{"line":213,"column":38}},"loc":{"start":{"line":213,"column":49},"end":{"line":213,"column":68}}}},"branchMap":{"0":{"loc":{"start":{"line":16,"column":2},"end":{"line":16,"column":42}},"type":"if","locations":[{"start":{"line":16,"column":2},"end":{"line":16,"column":42}},{"start":{},"end":{}}]},"1":{"loc":{"start":{"line":16,"column":27},"end":{"line":16,"column":41}},"type":"binary-expr","locations":[{"start":{"line":16,"column":27},"end":{"line":16,"column":35}},{"start":{"line":16,"column":39},"end":{"line":16,"column":41}}]},"2":{"loc":{"start":{"line":17,"column":2},"end":{"line":17,"column":62}},"type":"if","locations":[{"start":{"line":17,"column":2},"end":{"line":17,"column":62}},{"start":{},"end":{}}]},"3":{"loc":{"start":{"line":17,"column":6},"end":{"line":17,"column":50}},"type":"binary-expr","locations":[{"start":{"line":17,"column":6},"end":{"line":17,"column":18}},{"start":{"line":17,"column":22},"end":{"line":17,"column":34}},{"start":{"line":17,"column":38},"end":{"line":17,"column":50}}]},"4":{"loc":{"start":{"line":26,"column":2},"end":{"line":26,"column":31}},"type":"if","locations":[{"start":{"line":26,"column":2},"end":{"line":26,"column":31}},{"start":{},"end":{}}]},"5":{"loc":{"start":{"line":27,"column":2},"end":{"line":27,"column":55}},"type":"if","locations":[{"start":{"line":27,"column":2},"end":{"line":27,"column":55}},{"start":{},"end":{}}]},"6":{"loc":{"start":{"line":32,"column":9},"end":{"line":32,"column":40}},"type":"binary-expr","locations":[{"start":{"line":32,"column":9},"end":{"line":32,"column":23}},{"start":{"line":32,"column":27},"end":{"line":32,"column":40}}]},"7":{"loc":{"start":{"line":88,"column":4},"end":{"line":88,"column":57}},"type":"if","locations":[{"start":{"line":88,"column":4},"end":{"line":88,"column":57}},{"start":{},"end":{}}]},"8":{"loc":{"start":{"line":88,"column":8},"end":{"line":88,"column":48}},"type":"binary-expr","locations":[{"start":{"line":88,"column":8},"end":{"line":88,"column":27}},{"start":{"line":88,"column":31},"end":{"line":88,"column":48}}]},"9":{"loc":{"start":{"line":102,"column":4},"end":{"line":102,"column":76}},"type":"if","locations":[{"start":{"line":102,"column":4},"end":{"line":102,"column":76}},{"start":{},"end":{}}]},"10":{"loc":{"start":{"line":102,"column":8},"end":{"line":102,"column":67}},"type":"binary-expr","locations":[{"start":{"line":102,"column":8},"end":{"line":102,"column":29}},{"start":{"line":102,"column":33},"end":{"line":102,"column":45}},{"start":{"line":102,"column":49},"end":{"line":102,"column":67}}]},"11":{"loc":{"start":{"line":105,"column":4},"end":{"line":105,"column":48}},"type":"if","locations":[{"start":{"line":105,"column":4},"end":{"line":105,"column":48}},{"start":{},"end":{}}]},"12":{"loc":{"start":{"line":105,"column":8},"end":{"line":105,"column":39}},"type":"binary-expr","locations":[{"start":{"line":105,"column":8},"end":{"line":105,"column":22}},{"start":{"line":105,"column":26},"end":{"line":105,"column":39}}]},"13":{"loc":{"start":{"line":107,"column":4},"end":{"line":115,"column":5}},"type":"if","locations":[{"start":{"line":107,"column":4},"end":{"line":115,"column":5}},{"start":{},"end":{}}]},"14":{"loc":{"start":{"line":125,"column":23},"end":{"line":125,"column":59}},"type":"binary-expr","locations":[{"start":{"line":125,"column":23},"end":{"line":125,"column":32}},{"start":{"line":125,"column":36},"end":{"line":125,"column":59}}]},"15":{"loc":{"start":{"line":132,"column":15},"end":{"line":132,"column":42}},"type":"binary-expr","locations":[{"start":{"line":132,"column":15},"end":{"line":132,"column":28}},{"start":{"line":132,"column":32},"end":{"line":132,"column":42}}]},"16":{"loc":{"start":{"line":135,"column":41},"end":{"line":135,"column":76}},"type":"cond-expr","locations":[{"start":{"line":135,"column":60},"end":{"line":135,"column":72}},{"start":{"line":135,"column":75},"end":{"line":135,"column":76}}]},"17":{"loc":{"start":{"line":141,"column":17},"end":{"line":141,"column":55}},"type":"cond-expr","locations":[{"start":{"line":141,"column":30},"end":{"line":141,"column":43}},{"start":{"line":141,"column":46},"end":{"line":141,"column":55}}]},"18":{"loc":{"start":{"line":142,"column":13},"end":{"line":142,"column":41}},"type":"cond-expr","locations":[{"start":{"line":142,"column":24},"end":{"line":142,"column":33}},{"start":{"line":142,"column":36},"end":{"line":142,"column":41}}]},"19":{"loc":{"start":{"line":150,"column":4},"end":{"line":150,"column":28}},"type":"if","locations":[{"start":{"line":150,"column":4},"end":{"line":150,"column":28}},{"start":{},"end":{}}]},"20":{"loc":{"start":{"line":164,"column":23},"end":{"line":164,"column":59}},"type":"binary-expr","locations":[{"start":{"line":164,"column":23},"end":{"line":164,"column":32}},{"start":{"line":164,"column":36},"end":{"line":164,"column":59}}]},"21":{"loc":{"start":{"line":171,"column":15},"end":{"line":171,"column":42}},"type":"binary-expr","locations":[{"start":{"line":171,"column":15},"end":{"line":171,"column":28}},{"start":{"line":171,"column":32},"end":{"line":171,"column":42}}]},"22":{"loc":{"start":{"line":174,"column":41},"end":{"line":174,"column":82}},"type":"cond-expr","locations":[{"start":{"line":174,"column":66},"end":{"line":174,"column":78}},{"start":{"line":174,"column":81},"end":{"line":174,"column":82}}]},"23":{"loc":{"start":{"line":181,"column":17},"end":{"line":181,"column":55}},"type":"cond-expr","locations":[{"start":{"line":181,"column":30},"end":{"line":181,"column":43}},{"start":{"line":181,"column":46},"end":{"line":181,"column":55}}]},"24":{"loc":{"start":{"line":182,"column":13},"end":{"line":182,"column":41}},"type":"cond-expr","locations":[{"start":{"line":182,"column":24},"end":{"line":182,"column":33}},{"start":{"line":182,"column":36},"end":{"line":182,"column":41}}]},"25":{"loc":{"start":{"line":183,"column":15},"end":{"line":183,"column":50}},"type":"cond-expr","locations":[{"start":{"line":183,"column":29},"end":{"line":183,"column":40}},{"start":{"line":183,"column":43},"end":{"line":183,"column":50}}]},"26":{"loc":{"start":{"line":184,"column":18},"end":{"line":184,"column":60}},"type":"cond-expr","locations":[{"start":{"line":184,"column":33},"end":{"line":184,"column":47}},{"start":{"line":184,"column":50},"end":{"line":184,"column":60}}]},"27":{"loc":{"start":{"line":193,"column":4},"end":{"line":193,"column":48}},"type":"if","locations":[{"start":{"line":193,"column":4},"end":{"line":193,"column":48}},{"start":{},"end":{}}]},"28":{"loc":{"start":{"line":193,"column":8},"end":{"line":193,"column":39}},"type":"binary-expr","locations":[{"start":{"line":193,"column":8},"end":{"line":193,"column":22}},{"start":{"line":193,"column":26},"end":{"line":193,"column":39}}]},"29":{"loc":{"start":{"line":196,"column":41},"end":{"line":196,"column":76}},"type":"cond-expr","locations":[{"start":{"line":196,"column":60},"end":{"line":196,"column":72}},{"start":{"line":196,"column":75},"end":{"line":196,"column":76}}]},"30":{"loc":{"start":{"line":212,"column":2},"end":{"line":215,"column":3}},"type":"if","locations":[{"start":{"line":212,"column":2},"end":{"line":215,"column":3}},{"start":{},"end":{}}]},"31":{"loc":{"start":{"line":212,"column":6},"end":{"line":212,"column":30}},"type":"binary-expr","locations":[{"start":{"line":212,"column":6},"end":{"line":212,"column":17}},{"start":{"line":212,"column":21},"end":{"line":212,"column":30}}]}},"s":{"0":1,"1":1,"2":8,"3":2,"4":6,"5":0,"6":6,"7":5,"8":8,"9":12,"10":2,"11":10,"12":2,"13":8,"14":10,"15":1,"16":2,"17":6,"18":1,"19":1,"20":1,"21":1,"22":1,"23":1,"24":2,"25":2,"26":1,"27":1,"28":1,"29":1,"30":5,"31":5,"32":0,"33":5,"34":5,"35":1,"36":4,"37":1,"38":1,"39":1,"40":3,"41":3,"42":3,"43":3,"44":3,"45":3,"46":3,"47":9,"48":3,"49":3,"50":2,"51":2,"52":0,"53":2,"54":2,"55":2,"56":2,"57":2,"58":2,"59":2,"60":2,"61":2,"62":6,"63":2,"64":2,"65":1,"66":1,"67":1,"68":0,"69":1,"70":1,"71":3,"72":1,"73":1,"74":6,"75":6,"76":6,"77":6,"78":4,"79":12,"80":4},"f":{"0":8,"1":5,"2":8,"3":12,"4":10,"5":2,"6":6,"7":1,"8":1,"9":1,"10":2,"11":5,"12":9,"13":2,"14":6,"15":1,"16":3,"17":6,"18":12},"b":{"0":[2,6],"1":[2,0],"2":[0,6],"3":[6,6,6],"4":[2,10],"5":[2,8],"6":[10,8],"7":[1,1],"8":[2,1],"9":[0,5],"10":[5,5,5],"11":[1,4],"12":[5,4],"13":[1,3],"14":[3,2],"15":[3,3],"16":[3,6],"17":[1,2],"18":[1,2],"19":[0,2],"20":[2,2],"21":[2,2],"22":[2,4],"23":[0,2],"24":[0,2],"25":[1,1],"26":[1,1],"27":[0,1],"28":[1,1],"29":[1,2],"30":[4,2],"31":[6,5]}}
,"/Users/johnpickett/code/games/card-heist/src/types/sneakin.ts": {"path":"/Users/johnpickett/code/games/card-heist/src/types/sneakin.ts","statementMap":{"0":{"start":{"line":10,"column":13},"end":{"line":15,"column":2}},"1":{"start":{"line":17,"column":13},"end":{"line":22,"column":2}}},"fnMap":{},"branchMap":{},"s":{"0":1,"1":1},"f":{},"b":{}}
,"/Users/johnpickett/code/games/card-heist/src/utils/subsetSum.ts": {"path":"/Users/johnpickett/code/games/card-heist/src/utils/subsetSum.ts","statementMap":{"0":{"start":{"line":5,"column":0},"end":{"line":5,"column":16}},"1":{"start":{"line":17,"column":0},"end":{"line":17,"column":16}},"2":{"start":{"line":39,"column":0},"end":{"line":39,"column":16}},"3":{"start":{"line":72,"column":0},"end":{"line":72,"column":16}},"4":{"start":{"line":6,"column":15},"end":{"line":6,"column":27}},"5":{"start":{"line":7,"column":2},"end":{"line":7,"column":35}},"6":{"start":{"line":7,"column":20},"end":{"line":7,"column":35}},"7":{"start":{"line":8,"column":2},"end":{"line":8,"column":95}},"8":{"start":{"line":8,"column":69},"end":{"line":8,"column":95}},"9":{"start":{"line":9,"column":2},"end":{"line":9,"column":63}},"10":{"start":{"line":9,"column":52},"end":{"line":9,"column":63}},"11":{"start":{"line":10,"column":12},"end":{"line":10,"column":30}},"12":{"start":{"line":11,"column":2},"end":{"line":11,"column":13}},"13":{"start":{"line":18,"column":27},"end":{"line":18,"column":58}},"14":{"start":{"line":21,"column":4},"end":{"line":23,"column":5}},"15":{"start":{"line":22,"column":6},"end":{"line":22,"column":32}},"16":{"start":{"line":24,"column":20},"end":{"line":24,"column":53}},"17":{"start":{"line":25,"column":4},"end":{"line":30,"column":5}},"18":{"start":{"line":26,"column":19},"end":{"line":26,"column":30}},"19":{"start":{"line":27,"column":6},"end":{"line":27,"column":34}},"20":{"start":{"line":27,"column":25},"end":{"line":27,"column":34}},"21":{"start":{"line":28,"column":6},"end":{"line":28,"column":24}},"22":{"start":{"line":29,"column":6},"end":{"line":29,"column":50}},"23":{"start":{"line":29,"column":38},"end":{"line":29,"column":50}},"24":{"start":{"line":31,"column":4},"end":{"line":31,"column":17}},"25":{"start":{"line":34,"column":2},"end":{"line":34,"column":41}},"26":{"start":{"line":40,"column":16},"end":{"line":40,"column":17}},"27":{"start":{"line":41,"column":17},"end":{"line":41,"column":18}},"28":{"start":{"line":42,"column":2},"end":{"line":52,"column":3}},"29":{"start":{"line":43,"column":17},"end":{"line":43,"column":29}},"30":{"start":{"line":44,"column":4},"end":{"line":51,"column":5}},"31":{"start":{"line":45,"column":6},"end":{"line":45,"column":17}},"32":{"start":{"line":46,"column":11},"end":{"line":51,"column":5}},"33":{"start":{"line":47,"column":6},"end":{"line":47,"column":34}},"34":{"start":{"line":49,"column":16},"end":{"line":49,"column":34}},"35":{"start":{"line":50,"column":6},"end":{"line":50,"column":34}},"36":{"start":{"line":50,"column":21},"end":{"line":50,"column":34}},"37":{"start":{"line":54,"column":16},"end":{"line":54,"column":34}},"38":{"start":{"line":55,"column":17},"end":{"line":55,"column":43}},"39":{"start":{"line":56,"column":2},"end":{"line":66,"column":3}},"40":{"start":{"line":56,"column":18},"end":{"line":56,"column":19}},"41":{"start":{"line":57,"column":14},"end":{"line":57,"column":21}},"42":{"start":{"line":58,"column":4},"end":{"line":60,"column":5}},"43":{"start":{"line":58,"column":17},"end":{"line":58,"column":18}},"44":{"start":{"line":59,"column":6},"end":{"line":59,"column":38}},"45":{"start":{"line":61,"column":17},"end":{"line":61,"column":39}},"46":{"start":{"line":62,"column":4},"end":{"line":65,"column":5}},"47":{"start":{"line":63,"column":6},"end":{"line":63,"column":22}},"48":{"start":{"line":64,"column":6},"end":{"line":64,"column":20}},"49":{"start":{"line":67,"column":2},"end":{"line":67,"column":17}},"50":{"start":{"line":74,"column":19},"end":{"line":74,"column":50}},"51":{"start":{"line":74,"column":38},"end":{"line":74,"column":49}},"52":{"start":{"line":77,"column":4},"end":{"line":77,"column":53}},"53":{"start":{"line":77,"column":41},"end":{"line":77,"column":53}},"54":{"start":{"line":78,"column":4},"end":{"line":78,"column":48}},"55":{"start":{"line":78,"column":35},"end":{"line":78,"column":48}},"56":{"start":{"line":79,"column":4},"end":{"line":79,"column":39}},"57":{"start":{"line":79,"column":26},"end":{"line":79,"column":39}},"58":{"start":{"line":81,"column":15},"end":{"line":81,"column":30}},"59":{"start":{"line":82,"column":20},"end":{"line":82,"column":43}},"60":{"start":{"line":85,"column":4},"end":{"line":90,"column":5}},"61":{"start":{"line":86,"column":19},"end":{"line":86,"column":30}},"62":{"start":{"line":87,"column":6},"end":{"line":89,"column":7}},"63":{"start":{"line":88,"column":8},"end":{"line":88,"column":63}},"64":{"start":{"line":88,"column":51},"end":{"line":88,"column":63}},"65":{"start":{"line":93,"column":4},"end":{"line":93,"column":48}},"66":{"start":{"line":96,"column":2},"end":{"line":96,"column":28}}},"fnMap":{"0":{"name":"getCardValueOptions","decl":{"start":{"line":5,"column":16},"end":{"line":5,"column":35}},"loc":{"start":{"line":5,"column":48},"end":{"line":12,"column":1}}},"1":{"name":"resolveAces","decl":{"start":{"line":17,"column":16},"end":{"line":17,"column":27}},"loc":{"start":{"line":17,"column":61},"end":{"line":35,"column":1}}},"2":{"name":"backtrack","decl":{"start":{"line":20,"column":11},"end":{"line":20,"column":20}},"loc":{"start":{"line":20,"column":51},"end":{"line":32,"column":3}}},"3":{"name":"bestAceResolution","decl":{"start":{"line":39,"column":16},"end":{"line":39,"column":33}},"loc":{"start":{"line":39,"column":67},"end":{"line":68,"column":1}}},"4":{"name":"hasValidSubsetSum","decl":{"start":{"line":72,"column":16},"end":{"line":72,"column":33}},"loc":{"start":{"line":72,"column":67},"end":{"line":97,"column":1}}},"5":{"name":"(anonymous_5)","decl":{"start":{"line":74,"column":32},"end":{"line":74,"column":34}},"loc":{"start":{"line":74,"column":38},"end":{"line":74,"column":49}}},"6":{"name":"backtrack","decl":{"start":{"line":76,"column":11},"end":{"line":76,"column":20}},"loc":{"start":{"line":76,"column":66},"end":{"line":94,"column":3}}}},"branchMap":{"0":{"loc":{"start":{"line":7,"column":2},"end":{"line":7,"column":35}},"type":"if","locations":[{"start":{"line":7,"column":2},"end":{"line":7,"column":35}},{"start":{},"end":{}}]},"1":{"loc":{"start":{"line":8,"column":2},"end":{"line":8,"column":95}},"type":"if","locations":[{"start":{"line":8,"column":2},"end":{"line":8,"column":95}},{"start":{},"end":{}}]},"2":{"loc":{"start":{"line":8,"column":6},"end":{"line":8,"column":67}},"type":"binary-expr","locations":[{"start":{"line":8,"column":6},"end":{"line":8,"column":18}},{"start":{"line":8,"column":22},"end":{"line":8,"column":33}},{"start":{"line":8,"column":37},"end":{"line":8,"column":67}}]},"3":{"loc":{"start":{"line":9,"column":2},"end":{"line":9,"column":63}},"type":"if","locations":[{"start":{"line":9,"column":2},"end":{"line":9,"column":63}},{"start":{},"end":{}}]},"4":{"loc":{"start":{"line":9,"column":6},"end":{"line":9,"column":50}},"type":"binary-expr","locations":[{"start":{"line":9,"column":6},"end":{"line":9,"column":18}},{"start":{"line":9,"column":22},"end":{"line":9,"column":34}},{"start":{"line":9,"column":38},"end":{"line":9,"column":50}}]},"5":{"loc":{"start":{"line":21,"column":4},"end":{"line":23,"column":5}},"type":"if","locations":[{"start":{"line":21,"column":4},"end":{"line":23,"column":5}},{"start":{},"end":{}}]},"6":{"loc":{"start":{"line":27,"column":6},"end":{"line":27,"column":34}},"type":"if","locations":[{"start":{"line":27,"column":6},"end":{"line":27,"column":34}},{"start":{},"end":{}}]},"7":{"loc":{"start":{"line":29,"column":6},"end":{"line":29,"column":50}},"type":"if","locations":[{"start":{"line":29,"column":6},"end":{"line":29,"column":50}},{"start":{},"end":{}}]},"8":{"loc":{"start":{"line":34,"column":9},"end":{"line":34,"column":40}},"type":"cond-expr","locations":[{"start":{"line":34,"column":27},"end":{"line":34,"column":33}},{"start":{"line":34,"column":36},"end":{"line":34,"column":40}}]},"9":{"loc":{"start":{"line":44,"column":4},"end":{"line":51,"column":5}},"type":"if","locations":[{"start":{"line":44,"column":4},"end":{"line":51,"column":5}},{"start":{"line":46,"column":11},"end":{"line":51,"column":5}}]},"10":{"loc":{"start":{"line":46,"column":11},"end":{"line":51,"column":5}},"type":"if","locations":[{"start":{"line":46,"column":11},"end":{"line":51,"column":5}},{"start":{"line":48,"column":11},"end":{"line":51,"column":5}}]},"11":{"loc":{"start":{"line":46,"column":15},"end":{"line":46,"column":76}},"type":"binary-expr","locations":[{"start":{"line":46,"column":15},"end":{"line":46,"column":27}},{"start":{"line":46,"column":31},"end":{"line":46,"column":42}},{"start":{"line":46,"column":46},"end":{"line":46,"column":76}}]},"12":{"loc":{"start":{"line":50,"column":6},"end":{"line":50,"column":34}},"type":"if","locations":[{"start":{"line":50,"column":6},"end":{"line":50,"column":34}},{"start":{},"end":{}}]},"13":{"loc":{"start":{"line":59,"column":13},"end":{"line":59,"column":37}},"type":"cond-expr","locations":[{"start":{"line":59,"column":31},"end":{"line":59,"column":33}},{"start":{"line":59,"column":36},"end":{"line":59,"column":37}}]},"14":{"loc":{"start":{"line":62,"column":4},"end":{"line":65,"column":5}},"type":"if","locations":[{"start":{"line":62,"column":4},"end":{"line":65,"column":5}},{"start":{},"end":{}}]},"15":{"loc":{"start":{"line":77,"column":4},"end":{"line":77,"column":53}},"type":"if","locations":[{"start":{"line":77,"column":4},"end":{"line":77,"column":53}},{"start":{},"end":{}}]},"16":{"loc":{"start":{"line":77,"column":8},"end":{"line":77,"column":39}},"type":"binary-expr","locations":[{"start":{"line":77,"column":8},"end":{"line":77,"column":17}},{"start":{"line":77,"column":21},"end":{"line":77,"column":39}}]},"17":{"loc":{"start":{"line":78,"column":4},"end":{"line":78,"column":48}},"type":"if","locations":[{"start":{"line":78,"column":4},"end":{"line":78,"column":48}},{"start":{},"end":{}}]},"18":{"loc":{"start":{"line":79,"column":4},"end":{"line":79,"column":39}},"type":"if","locations":[{"start":{"line":79,"column":4},"end":{"line":79,"column":39}},{"start":{},"end":{}}]},"19":{"loc":{"start":{"line":87,"column":6},"end":{"line":89,"column":7}},"type":"if","locations":[{"start":{"line":87,"column":6},"end":{"line":89,"column":7}},{"start":{},"end":{}}]},"20":{"loc":{"start":{"line":88,"column":8},"end":{"line":88,"column":63}},"type":"if","locations":[{"start":{"line":88,"column":8},"end":{"line":88,"column":63}},{"start":{},"end":{}}]}},"s":{"0":2,"1":2,"2":2,"3":2,"4":23,"5":23,"6":8,"7":15,"8":7,"9":8,"10":1,"11":7,"12":7,"13":2,"14":7,"15":3,"16":4,"17":4,"18":7,"19":7,"20":2,"21":5,"22":5,"23":2,"24":2,"25":2,"26":2,"27":2,"28":2,"29":5,"30":5,"31":3,"32":2,"33":0,"34":2,"35":2,"36":2,"37":2,"38":2,"39":2,"40":2,"41":4,"42":4,"43":4,"44":7,"45":4,"46":4,"47":2,"48":2,"49":2,"50":3,"51":12,"52":23,"53":2,"54":21,"55":6,"56":15,"57":0,"58":15,"59":15,"60":15,"61":17,"62":17,"63":9,"64":4,"65":11,"66":3},"f":{"0":23,"1":2,"2":7,"3":2,"4":3,"5":12,"6":23},"b":{"0":[8,15],"1":[7,8],"2":[15,7,7],"3":[1,7],"4":[8,7,7],"5":[3,4],"6":[2,5],"7":[2,3],"8":[1,1],"9":[3,2],"10":[0,2],"11":[2,0,0],"12":[2,0],"13":[5,2],"14":[2,2],"15":[2,21],"16":[23,16],"17":[6,15],"18":[0,15],"19":[9,8],"20":[4,5]}}
}
