TN:
SF:src/data/deck.ts
FN:6,createDeck
FN:7,(anonymous_1)
FN:8,(anonymous_2)
FN:16,shuffleDeck
FNF:4
FNH:4
FNDA:4,createDeck
FNDA:16,(anonymous_1)
FNDA:208,(anonymous_2)
FNDA:3,shuffleDeck
DA:3,5
DA:4,5
DA:6,5
DA:7,4
DA:8,208
DA:16,5
DA:17,3
DA:18,3
DA:19,153
DA:20,153
DA:22,3
LF:11
LH:11
BRF:0
BRH:0
end_of_record
TN:
SF:src/store/escapeStore.ts
FN:15,toEscapeCards
FN:16,(anonymous_1)
FN:19,validateMeld
FN:24,(anonymous_3)
FN:28,(anonymous_4)
FN:28,(anonymous_5)
FN:29,(anonymous_6)
FN:34,findPoliceMeld
FN:56,(anonymous_8)
FN:61,(anonymous_9)
FN:70,discardLowest
FN:71,cardValue
FN:83,(anonymous_12)
FN:88,drawCardsWithReshuffle
FN:149,(anonymous_14)
FN:152,(anonymous_15)
FN:166,(anonymous_16)
FN:170,(anonymous_17)
FN:176,(anonymous_18)
FN:180,(anonymous_19)
FN:181,(anonymous_20)
FN:188,(anonymous_21)
FN:232,(anonymous_22)
FN:237,(anonymous_23)
FN:238,(anonymous_24)
FN:281,(anonymous_25)
FN:286,(anonymous_26)
FN:287,(anonymous_27)
FN:335,(anonymous_28)
FN:348,(anonymous_29)
FN:349,(anonymous_30)
FNF:31
FNH:19
FNDA:0,toEscapeCards
FNDA:0,(anonymous_1)
FNDA:2,validateMeld
FNDA:4,(anonymous_3)
FNDA:0,(anonymous_4)
FNDA:0,(anonymous_5)
FNDA:0,(anonymous_6)
FNDA:2,findPoliceMeld
FNDA:0,(anonymous_8)
FNDA:0,(anonymous_9)
FNDA:1,discardLowest
FNDA:4,cardValue
FNDA:4,(anonymous_12)
FNDA:4,drawCardsWithReshuffle
FNDA:1,(anonymous_14)
FNDA:0,(anonymous_15)
FNDA:0,(anonymous_16)
FNDA:0,(anonymous_17)
FNDA:2,(anonymous_18)
FNDA:10,(anonymous_19)
FNDA:6,(anonymous_20)
FNDA:8,(anonymous_21)
FNDA:1,(anonymous_22)
FNDA:2,(anonymous_23)
FNDA:2,(anonymous_24)
FNDA:2,(anonymous_25)
FNDA:3,(anonymous_26)
FNDA:5,(anonymous_27)
FNDA:1,(anonymous_28)
FNDA:0,(anonymous_29)
FNDA:0,(anonymous_30)
DA:1,1
DA:2,1
DA:11,1
DA:13,1
DA:16,0
DA:20,2
DA:21,1
DA:24,4
DA:25,1
DA:28,0
DA:29,0
DA:30,0
DA:31,0
DA:36,2
DA:37,2
DA:38,9
DA:39,9
DA:40,9
DA:42,2
DA:43,5
DA:47,1
DA:48,1
DA:49,4
DA:50,4
DA:51,4
DA:53,1
DA:54,4
DA:55,0
DA:56,0
DA:59,0
DA:60,0
DA:61,0
DA:62,0
DA:63,0
DA:67,1
DA:72,4
DA:73,3
DA:74,2
DA:76,1
DA:77,1
DA:78,1
DA:79,3
DA:80,3
DA:82,1
DA:83,4
DA:84,1
DA:94,4
DA:95,4
DA:104,0
DA:105,0
DA:108,0
DA:109,0
DA:110,0
DA:111,0
DA:114,0
DA:115,0
DA:117,0
DA:125,1
DA:149,1
DA:153,0
DA:154,0
DA:155,0
DA:156,0
DA:157,0
DA:158,0
DA:167,0
DA:168,0
DA:169,0
DA:170,0
DA:172,0
DA:177,2
DA:178,2
DA:180,10
DA:181,6
DA:183,2
DA:184,1
DA:185,1
DA:188,8
DA:189,1
DA:190,1
DA:191,1
DA:192,1
DA:193,1
DA:195,1
DA:203,1
DA:204,1
DA:217,0
DA:233,1
DA:234,1
DA:235,1
DA:237,2
DA:238,2
DA:239,1
DA:240,1
DA:241,1
DA:243,1
DA:244,1
DA:245,1
DA:247,1
DA:248,1
DA:261,1
DA:264,0
DA:282,2
DA:284,2
DA:285,2
DA:286,3
DA:287,5
DA:288,1
DA:289,1
DA:290,1
DA:291,1
DA:293,1
DA:294,1
DA:306,0
DA:319,1
DA:320,1
DA:321,1
DA:322,1
DA:323,1
DA:336,1
DA:337,1
DA:338,0
DA:340,1
DA:348,0
DA:349,0
LF:125
LH:87
BRDA:20,0,0,1
BRDA:20,0,1,1
BRDA:20,1,0,2
BRDA:20,1,1,1
BRDA:24,2,0,1
BRDA:24,2,1,0
BRDA:29,3,0,0
BRDA:29,3,1,0
BRDA:30,4,0,0
BRDA:30,4,1,0
BRDA:38,5,0,9
BRDA:38,5,1,7
BRDA:43,6,0,1
BRDA:43,6,1,4
BRDA:49,7,0,4
BRDA:49,7,1,4
BRDA:54,8,0,4
BRDA:54,8,1,0
BRDA:62,9,0,0
BRDA:62,9,1,0
BRDA:63,10,0,0
BRDA:63,10,1,0
BRDA:72,11,0,1
BRDA:72,11,1,3
BRDA:73,12,0,1
BRDA:73,12,1,2
BRDA:73,13,0,3
BRDA:73,13,1,3
BRDA:73,13,2,3
BRDA:80,14,0,0
BRDA:80,14,1,3
BRDA:94,15,0,4
BRDA:94,15,1,0
BRDA:168,16,0,0
BRDA:168,16,1,0
BRDA:169,17,0,0
BRDA:169,17,1,0
BRDA:178,18,0,0
BRDA:178,18,1,2
BRDA:183,19,0,1
BRDA:183,19,1,1
BRDA:192,20,0,1
BRDA:192,20,1,0
BRDA:192,21,0,1
BRDA:192,21,1,1
BRDA:197,22,0,1
BRDA:197,22,1,0
BRDA:198,23,0,0
BRDA:198,23,1,1
BRDA:203,24,0,1
BRDA:203,24,1,0
BRDA:211,25,0,0
BRDA:211,25,1,1
BRDA:224,26,0,0
BRDA:224,26,1,0
BRDA:234,27,0,0
BRDA:234,27,1,1
BRDA:235,28,0,0
BRDA:235,28,1,1
BRDA:245,29,0,1
BRDA:245,29,1,0
BRDA:247,30,0,1
BRDA:247,30,1,0
BRDA:247,31,0,1
BRDA:247,31,1,1
BRDA:270,32,0,0
BRDA:270,32,1,0
BRDA:272,33,0,0
BRDA:272,33,1,0
BRDA:285,34,0,1
BRDA:285,34,1,1
BRDA:291,35,0,0
BRDA:291,35,1,1
BRDA:293,36,0,1
BRDA:293,36,1,0
BRDA:322,37,0,0
BRDA:322,37,1,1
BRDA:337,38,0,0
BRDA:337,38,1,1
BRF:79
BRH:43
end_of_record
TN:
SF:src/store/gameStore.ts
FN:10,makeFaceResolved
FN:14,buildGameCard
FN:23,recomputeBlocked
FN:24,(anonymous_3)
FN:27,computeScore
FN:33,(anonymous_5)
FN:52,(anonymous_6)
FN:65,(anonymous_7)
FN:67,(anonymous_8)
FN:69,(anonymous_9)
FN:91,(anonymous_10)
FN:95,(anonymous_11)
FN:110,(anonymous_12)
FN:121,(anonymous_13)
FN:125,(anonymous_14)
FN:128,(anonymous_15)
FN:136,(anonymous_16)
FN:140,(anonymous_17)
FN:143,(anonymous_18)
FN:167,(anonymous_19)
FN:174,(anonymous_20)
FN:177,(anonymous_21)
FN:185,(anonymous_22)
FN:186,(anonymous_23)
FN:194,(anonymous_24)
FN:195,(anonymous_25)
FN:202,(anonymous_26)
FN:207,(anonymous_27)
FN:209,(anonymous_28)
FN:218,(anonymous_29)
FN:225,(anonymous_30)
FN:227,(anonymous_31)
FN:229,(anonymous_32)
FN:235,(anonymous_33)
FN:243,(anonymous_34)
FN:248,(anonymous_35)
FN:252,(anonymous_36)
FN:255,(anonymous_37)
FN:260,(anonymous_38)
FN:262,(anonymous_39)
FNF:40
FNH:25
FNDA:52,makeFaceResolved
FNDA:52,buildGameCard
FNDA:0,recomputeBlocked
FNDA:0,(anonymous_3)
FNDA:0,computeScore
FNDA:0,(anonymous_5)
FNDA:1,(anonymous_6)
FNDA:1,(anonymous_7)
FNDA:52,(anonymous_8)
FNDA:4,(anonymous_9)
FNDA:0,(anonymous_10)
FNDA:0,(anonymous_11)
FNDA:0,(anonymous_12)
FNDA:1,(anonymous_13)
FNDA:1,(anonymous_14)
FNDA:2,(anonymous_15)
FNDA:2,(anonymous_16)
FNDA:4,(anonymous_17)
FNDA:2,(anonymous_18)
FNDA:3,(anonymous_19)
FNDA:3,(anonymous_20)
FNDA:3,(anonymous_21)
FNDA:2,(anonymous_22)
FNDA:4,(anonymous_23)
FNDA:0,(anonymous_24)
FNDA:0,(anonymous_25)
FNDA:1,(anonymous_26)
FNDA:4,(anonymous_27)
FNDA:1,(anonymous_28)
FNDA:1,(anonymous_29)
FNDA:4,(anonymous_30)
FNDA:1,(anonymous_31)
FNDA:1,(anonymous_32)
FNDA:4,(anonymous_33)
FNDA:0,(anonymous_34)
FNDA:0,(anonymous_35)
FNDA:0,(anonymous_36)
FNDA:0,(anonymous_37)
FNDA:0,(anonymous_38)
FNDA:0,(anonymous_39)
DA:1,1
DA:2,1
DA:4,1
DA:6,1
DA:7,1
DA:8,1
DA:11,52
DA:15,52
DA:24,0
DA:33,0
DA:34,0
DA:35,0
DA:36,0
DA:52,1
DA:66,1
DA:67,52
DA:69,1
DA:70,4
DA:71,4
DA:74,1
DA:76,1
DA:92,0
DA:96,0
DA:97,0
DA:99,0
DA:100,0
DA:103,0
DA:104,0
DA:105,0
DA:108,0
DA:109,0
DA:110,0
DA:113,0
DA:122,1
DA:123,1
DA:125,1
DA:126,1
DA:128,2
DA:129,1
DA:132,1
DA:133,1
DA:134,1
DA:136,2
DA:137,1
DA:139,1
DA:140,4
DA:142,1
DA:143,2
DA:145,1
DA:146,0
DA:147,0
DA:157,1
DA:168,3
DA:169,3
DA:171,3
DA:172,3
DA:174,3
DA:175,3
DA:177,3
DA:178,3
DA:180,3
DA:182,3
DA:183,1
DA:184,1
DA:185,2
DA:186,4
DA:187,1
DA:188,2
DA:189,2
DA:190,2
DA:191,0
DA:192,0
DA:193,0
DA:194,0
DA:195,0
DA:196,0
DA:198,0
DA:203,1
DA:204,1
DA:206,1
DA:207,1
DA:208,4
DA:209,1
DA:210,1
DA:212,1
DA:215,1
DA:219,1
DA:220,1
DA:222,1
DA:225,1
DA:226,4
DA:227,1
DA:228,1
DA:229,1
DA:232,1
DA:234,1
DA:235,1
DA:236,4
DA:237,1
DA:240,1
DA:244,0
DA:245,0
DA:249,0
DA:253,0
DA:255,0
DA:256,0
DA:258,0
DA:259,0
DA:260,0
DA:262,0
DA:264,0
LF:111
LH:74
BRDA:11,0,0,52
BRDA:11,0,1,48
BRDA:11,0,2,44
BRDA:97,1,0,0
BRDA:97,1,1,0
BRDA:97,2,0,0
BRDA:97,2,1,0
BRDA:100,3,0,0
BRDA:100,3,1,0
BRDA:100,4,0,0
BRDA:100,4,1,0
BRDA:103,5,0,0
BRDA:103,5,1,0
BRDA:103,6,0,0
BRDA:103,6,1,0
BRDA:109,7,0,0
BRDA:109,7,1,0
BRDA:116,8,0,0
BRDA:116,8,1,0
BRDA:123,9,0,0
BRDA:123,9,1,1
BRDA:123,10,0,1
BRDA:123,10,1,1
BRDA:126,11,0,0
BRDA:126,11,1,1
BRDA:129,12,0,0
BRDA:129,12,1,1
BRDA:140,13,0,1
BRDA:140,13,1,3
BRDA:145,14,0,0
BRDA:145,14,1,1
BRDA:146,15,0,0
BRDA:146,15,1,0
BRDA:169,16,0,0
BRDA:169,16,1,3
BRDA:169,17,0,3
BRDA:169,17,1,0
BRDA:172,18,0,3
BRDA:172,18,1,0
BRDA:172,19,0,3
BRDA:172,19,1,3
BRDA:175,20,0,0
BRDA:175,20,1,3
BRDA:178,21,0,0
BRDA:178,21,1,3
BRDA:178,22,0,3
BRDA:178,22,1,3
BRDA:182,23,0,1
BRDA:182,23,1,2
BRDA:183,24,0,1
BRDA:183,24,1,0
BRDA:186,25,0,1
BRDA:186,25,1,3
BRDA:188,26,0,2
BRDA:188,26,1,0
BRDA:191,27,0,0
BRDA:191,27,1,0
BRDA:196,28,0,0
BRDA:196,28,1,0
BRDA:204,29,0,0
BRDA:204,29,1,1
BRDA:208,30,0,3
BRDA:208,30,1,1
BRDA:210,31,0,1
BRDA:210,31,1,0
BRDA:220,32,0,0
BRDA:220,32,1,1
BRDA:226,33,0,3
BRDA:226,33,1,1
BRDA:228,34,0,1
BRDA:228,34,1,0
BRDA:232,35,0,0
BRDA:232,35,1,1
BRDA:236,36,0,3
BRDA:236,36,1,1
BRDA:244,37,0,0
BRDA:244,37,1,0
BRDA:256,38,0,0
BRDA:256,38,1,0
BRDA:258,39,0,0
BRDA:258,39,1,0
BRDA:262,40,0,0
BRDA:262,40,1,0
BRF:83
BRH:37
end_of_record
TN:
SF:src/store/historyStore.ts
FN:15,(anonymous_1)
FN:18,(anonymous_2)
FN:22,(anonymous_3)
FN:26,(anonymous_4)
FN:93,computeStats
FN:97,(anonymous_6)
FN:99,(anonymous_7)
FN:99,(anonymous_8)
FN:100,(anonymous_9)
FN:102,(anonymous_10)
FN:127,(anonymous_11)
FN:131,(anonymous_12)
FN:131,(anonymous_13)
FN:135,(anonymous_14)
FN:136,(anonymous_15)
FN:137,(anonymous_16)
FN:138,(anonymous_17)
FN:139,(anonymous_18)
FN:140,(anonymous_19)
FN:141,(anonymous_20)
FN:142,(anonymous_21)
FN:143,(anonymous_22)
FN:147,(anonymous_23)
FN:151,(anonymous_24)
FN:152,(anonymous_25)
FN:153,(anonymous_26)
FN:154,(anonymous_27)
FN:155,(anonymous_28)
FN:159,(anonymous_29)
FN:159,(anonymous_30)
FN:161,(anonymous_31)
FN:162,(anonymous_32)
FN:167,(anonymous_33)
FN:168,(anonymous_34)
FN:169,(anonymous_35)
FN:170,(anonymous_36)
FN:171,(anonymous_37)
FN:172,(anonymous_38)
FN:173,(anonymous_39)
FN:174,(anonymous_40)
FN:175,(anonymous_41)
FN:176,(anonymous_42)
FNF:42
FNH:42
FNDA:1,(anonymous_1)
FNDA:2,(anonymous_2)
FNDA:1,(anonymous_3)
FNDA:1,(anonymous_4)
FNDA:4,computeStats
FNDA:14,(anonymous_6)
FNDA:14,(anonymous_7)
FNDA:13,(anonymous_8)
FNDA:14,(anonymous_9)
FNDA:13,(anonymous_10)
FNDA:14,(anonymous_11)
FNDA:14,(anonymous_12)
FNDA:14,(anonymous_13)
FNDA:13,(anonymous_14)
FNDA:14,(anonymous_15)
FNDA:14,(anonymous_16)
FNDA:14,(anonymous_17)
FNDA:14,(anonymous_18)
FNDA:14,(anonymous_19)
FNDA:14,(anonymous_20)
FNDA:14,(anonymous_21)
FNDA:14,(anonymous_22)
FNDA:14,(anonymous_23)
FNDA:14,(anonymous_24)
FNDA:14,(anonymous_25)
FNDA:14,(anonymous_26)
FNDA:14,(anonymous_27)
FNDA:14,(anonymous_28)
FNDA:14,(anonymous_29)
FNDA:14,(anonymous_30)
FNDA:13,(anonymous_31)
FNDA:13,(anonymous_32)
FNDA:13,(anonymous_33)
FNDA:13,(anonymous_34)
FNDA:13,(anonymous_35)
FNDA:13,(anonymous_36)
FNDA:13,(anonymous_37)
FNDA:13,(anonymous_38)
FNDA:13,(anonymous_39)
FNDA:13,(anonymous_40)
FNDA:13,(anonymous_41)
FNDA:13,(anonymous_42)
DA:1,1
DA:2,1
DA:3,1
DA:13,1
DA:15,1
DA:18,2
DA:22,1
DA:26,1
DA:93,1
DA:94,4
DA:97,14
DA:98,4
DA:99,14
DA:100,14
DA:101,4
DA:102,13
DA:104,4
DA:105,4
DA:106,12
DA:107,1
DA:109,4
DA:110,4
DA:111,14
DA:112,1
DA:115,4
DA:127,14
DA:131,14
DA:132,4
DA:135,13
DA:136,14
DA:137,14
DA:138,14
DA:139,14
DA:140,14
DA:141,14
DA:142,14
DA:143,14
DA:147,14
DA:148,4
DA:151,14
DA:152,14
DA:153,14
DA:154,14
DA:155,14
DA:159,14
DA:160,4
DA:161,13
DA:162,13
DA:163,4
DA:167,13
DA:168,13
DA:169,13
DA:170,13
DA:171,13
DA:172,13
DA:173,13
DA:174,13
DA:175,13
DA:176,13
DA:179,4
LF:60
LH:60
BRDA:100,0,0,3
BRDA:100,0,1,1
BRDA:101,1,0,3
BRDA:101,1,1,1
BRDA:106,2,0,11
BRDA:106,2,1,1
BRDA:111,3,0,13
BRDA:111,3,1,1
BRDA:119,4,0,3
BRDA:119,4,1,1
BRDA:125,5,0,3
BRDA:125,5,1,1
BRDA:126,6,0,3
BRDA:126,6,1,1
BRDA:133,7,0,3
BRDA:133,7,1,1
BRDA:134,8,0,3
BRDA:134,8,1,1
BRDA:135,9,0,3
BRDA:135,9,1,1
BRDA:137,10,0,14
BRDA:137,10,1,13
BRDA:138,11,0,14
BRDA:138,11,1,13
BRDA:138,11,2,4
BRDA:139,12,0,14
BRDA:139,12,1,13
BRDA:139,12,2,3
BRDA:140,13,0,14
BRDA:140,13,1,13
BRDA:140,13,2,2
BRDA:141,14,0,14
BRDA:141,14,1,13
BRDA:149,15,0,3
BRDA:149,15,1,1
BRDA:150,16,0,3
BRDA:150,16,1,1
BRDA:151,17,0,3
BRDA:151,17,1,1
BRDA:166,18,0,3
BRDA:166,18,1,1
BRDA:174,19,0,3
BRDA:174,19,1,1
BRDA:175,20,0,3
BRDA:175,20,1,1
BRDA:176,21,0,3
BRDA:176,21,1,1
BRF:47
BRH:47
end_of_record
TN:
SF:src/store/settingsStore.ts
FN:12,(anonymous_1)
FN:14,(anonymous_2)
FN:18,(anonymous_3)
FNF:3
FNH:3
FNDA:1,(anonymous_1)
FNDA:2,(anonymous_2)
FNDA:1,(anonymous_3)
DA:1,1
DA:2,1
DA:3,1
DA:10,1
DA:12,1
DA:14,2
DA:18,1
LF:7
LH:7
BRF:0
BRH:0
end_of_record
TN:
SF:src/store/sneakInStore.ts
FN:17,nextId
FN:21,rankValue
FN:25,checkSolved
FN:27,(anonymous_3)
FN:30,combosOfSize
FN:53,generateTargets
FN:69,findSolution
FN:70,(anonymous_7)
FN:72,search
FN:80,(anonymous_9)
FN:82,(anonymous_10)
FN:84,(anonymous_11)
FN:93,buildRandomHand
FN:95,(anonymous_13)
FN:101,(anonymous_14)
FN:106,buildGame
FN:110,(anonymous_16)
FN:113,(anonymous_17)
FN:122,makeAreas
FN:123,(anonymous_19)
FN:135,(anonymous_20)
FN:146,(anonymous_21)
FN:161,(anonymous_22)
FN:166,(anonymous_23)
FN:171,(anonymous_24)
FN:176,(anonymous_25)
FN:210,(anonymous_26)
FN:233,(anonymous_27)
FN:243,(anonymous_28)
FN:258,(anonymous_29)
FN:262,(anonymous_30)
FN:271,(anonymous_31)
FN:276,(anonymous_32)
FN:291,(anonymous_33)
FN:299,(anonymous_34)
FN:309,(anonymous_35)
FN:328,(anonymous_36)
FN:334,(anonymous_37)
FN:341,(anonymous_38)
FN:353,(anonymous_39)
FN:358,(anonymous_40)
FN:374,(anonymous_41)
FNF:42
FNH:20
FNDA:0,nextId
FNDA:4,rankValue
FNDA:3,checkSolved
FNDA:4,(anonymous_3)
FNDA:0,combosOfSize
FNDA:0,generateTargets
FNDA:0,findSolution
FNDA:0,(anonymous_7)
FNDA:0,search
FNDA:0,(anonymous_9)
FNDA:0,(anonymous_10)
FNDA:0,(anonymous_11)
FNDA:0,buildRandomHand
FNDA:0,(anonymous_13)
FNDA:0,(anonymous_14)
FNDA:0,buildGame
FNDA:0,(anonymous_16)
FNDA:0,(anonymous_17)
FNDA:1,makeAreas
FNDA:4,(anonymous_19)
FNDA:1,(anonymous_20)
FNDA:0,(anonymous_21)
FNDA:3,(anonymous_22)
FNDA:12,(anonymous_23)
FNDA:3,(anonymous_24)
FNDA:0,(anonymous_25)
FNDA:3,(anonymous_26)
FNDA:2,(anonymous_27)
FNDA:8,(anonymous_28)
FNDA:2,(anonymous_29)
FNDA:0,(anonymous_30)
FNDA:1,(anonymous_31)
FNDA:4,(anonymous_32)
FNDA:1,(anonymous_33)
FNDA:4,(anonymous_34)
FNDA:4,(anonymous_35)
FNDA:0,(anonymous_36)
FNDA:2,(anonymous_37)
FNDA:8,(anonymous_38)
FNDA:0,(anonymous_39)
FNDA:0,(anonymous_40)
FNDA:0,(anonymous_41)
DA:1,1
DA:2,1
DA:4,1
DA:16,1
DA:18,0
DA:22,4
DA:26,3
DA:27,4
DA:31,0
DA:32,0
DA:33,0
DA:34,0
DA:35,0
DA:38,0
DA:41,0
DA:42,0
DA:43,0
DA:44,0
DA:48,0
DA:54,0
DA:55,0
DA:56,0
DA:59,0
DA:60,0
DA:61,0
DA:62,0
DA:63,0
DA:65,0
DA:70,0
DA:73,0
DA:74,0
DA:76,0
DA:77,0
DA:78,0
DA:79,0
DA:80,0
DA:81,0
DA:82,0
DA:83,0
DA:84,0
DA:87,0
DA:90,0
DA:94,0
DA:96,0
DA:97,0
DA:101,0
DA:107,0
DA:108,0
DA:109,0
DA:110,0
DA:111,0
DA:112,0
DA:113,0
DA:118,0
DA:123,4
DA:135,1
DA:147,0
DA:148,0
DA:162,3
DA:164,3
DA:165,3
DA:166,12
DA:168,3
DA:170,3
DA:171,3
DA:172,3
DA:173,3
DA:175,0
DA:176,0
DA:177,0
DA:178,0
DA:179,0
DA:182,3
DA:184,3
DA:185,0
DA:187,3
DA:188,3
DA:190,1
DA:191,1
DA:193,0
DA:194,0
DA:195,0
DA:197,1
DA:200,2
DA:201,2
DA:204,2
DA:205,1
DA:209,2
DA:210,3
DA:211,2
DA:212,2
DA:218,2
DA:234,2
DA:237,2
DA:238,0
DA:239,0
DA:242,2
DA:243,8
DA:246,2
DA:247,1
DA:248,1
DA:250,0
DA:251,0
DA:252,0
DA:257,2
DA:258,2
DA:259,2
DA:261,0
DA:262,0
DA:263,0
DA:264,0
DA:267,2
DA:272,1
DA:273,1
DA:275,1
DA:276,4
DA:278,1
DA:279,1
DA:281,0
DA:282,0
DA:283,0
DA:286,1
DA:292,1
DA:293,1
DA:295,1
DA:296,1
DA:298,1
DA:299,4
DA:300,1
DA:301,1
DA:302,1
DA:305,1
DA:306,0
DA:309,4
DA:310,1
DA:316,1
DA:329,0
DA:330,0
DA:331,0
DA:335,2
DA:336,2
DA:337,2
DA:338,2
DA:340,2
DA:341,2
DA:342,8
DA:344,2
DA:347,2
DA:350,2
DA:354,0
DA:355,0
DA:357,0
DA:358,0
DA:359,0
DA:360,0
DA:361,0
DA:363,0
DA:366,0
DA:369,0
DA:370,0
DA:375,0
DA:376,0
LF:162
LH:75
BRDA:26,0,0,1
BRDA:26,0,1,2
BRDA:26,1,0,3
BRDA:26,1,1,2
BRDA:32,2,0,0
BRDA:32,2,1,0
BRDA:73,3,0,0
BRDA:73,3,1,0
BRDA:77,4,0,0
BRDA:77,4,1,0
BRDA:81,5,0,0
BRDA:81,5,1,0
BRDA:84,6,0,0
BRDA:84,6,1,0
BRDA:97,7,0,0
BRDA:97,7,1,0
BRDA:97,7,2,0
BRDA:112,8,0,0
BRDA:112,8,1,0
BRDA:162,9,0,0
BRDA:162,9,1,3
BRDA:170,10,0,3
BRDA:170,10,1,0
BRDA:172,11,0,0
BRDA:172,11,1,3
BRDA:177,12,0,0
BRDA:177,12,1,0
BRDA:182,13,0,0
BRDA:182,13,1,3
BRDA:184,14,0,0
BRDA:184,14,1,3
BRDA:188,15,0,1
BRDA:188,15,1,2
BRDA:188,16,0,3
BRDA:188,16,1,2
BRDA:190,17,0,1
BRDA:190,17,1,0
BRDA:204,18,0,1
BRDA:204,18,1,1
BRDA:204,19,0,2
BRDA:204,19,1,1
BRDA:212,20,0,0
BRDA:212,20,1,2
BRDA:214,21,0,1
BRDA:214,21,1,1
BRDA:214,22,0,2
BRDA:214,22,1,2
BRDA:223,23,0,2
BRDA:223,23,1,0
BRDA:223,24,0,2
BRDA:223,24,1,1
BRDA:226,25,0,0
BRDA:226,25,1,2
BRDA:237,26,0,0
BRDA:237,26,1,2
BRDA:246,27,0,1
BRDA:246,27,1,1
BRDA:246,28,0,2
BRDA:246,28,1,1
BRDA:247,29,0,1
BRDA:247,29,1,0
BRDA:257,30,0,2
BRDA:257,30,1,0
BRDA:259,31,0,2
BRDA:259,31,1,0
BRDA:263,32,0,0
BRDA:263,32,1,0
BRDA:273,33,0,0
BRDA:273,33,1,1
BRDA:273,34,0,1
BRDA:273,34,1,1
BRDA:278,35,0,1
BRDA:278,35,1,0
BRDA:293,36,0,0
BRDA:293,36,1,1
BRDA:296,37,0,0
BRDA:296,37,1,1
BRDA:296,38,0,1
BRDA:296,38,1,1
BRDA:305,39,0,0
BRDA:305,39,1,1
BRDA:305,40,0,1
BRDA:305,40,1,1
BRDA:310,41,0,1
BRDA:310,41,1,0
BRDA:312,42,0,0
BRDA:312,42,1,0
BRDA:320,43,0,1
BRDA:320,43,1,0
BRDA:323,44,0,1
BRDA:323,44,1,0
BRDA:330,45,0,0
BRDA:330,45,1,0
BRDA:336,46,0,0
BRDA:336,46,1,2
BRDA:336,47,0,2
BRDA:336,47,1,0
BRDA:338,48,0,0
BRDA:338,48,1,2
BRDA:338,49,0,2
BRDA:338,49,1,2
BRDA:342,50,0,6
BRDA:342,50,1,2
BRDA:344,51,0,1
BRDA:344,51,1,1
BRDA:355,52,0,0
BRDA:355,52,1,0
BRDA:355,53,0,0
BRDA:355,53,1,0
BRDA:359,54,0,0
BRDA:359,54,1,0
BRDA:359,55,0,0
BRDA:359,55,1,0
BRDA:363,56,0,0
BRDA:363,56,1,0
BRDA:369,57,0,0
BRDA:369,57,1,0
BRDA:376,58,0,0
BRDA:376,58,1,0
BRF:119
BRH:58
end_of_record
TN:
SF:src/store/vaultStore.ts
FN:15,cardValue
FN:21,computeSum
FN:22,(anonymous_2)
FN:25,vaultScore
FN:31,isTerminal
FN:37,makeVaults
FN:38,(anonymous_6)
FN:50,nextInstanceId
FN:56,(anonymous_8)
FN:69,(anonymous_9)
FN:86,(anonymous_10)
FN:100,(anonymous_11)
FN:135,(anonymous_12)
FN:148,(anonymous_13)
FN:174,(anonymous_14)
FN:190,(anonymous_15)
FN:196,(anonymous_16)
FN:203,checkGameEnd
FN:213,(anonymous_18)
FNF:19
FNH:19
FNDA:8,cardValue
FNDA:5,computeSum
FNDA:8,(anonymous_2)
FNDA:12,vaultScore
FNDA:10,isTerminal
FNDA:2,makeVaults
FNDA:6,(anonymous_6)
FNDA:1,nextInstanceId
FNDA:1,(anonymous_8)
FNDA:1,(anonymous_9)
FNDA:2,(anonymous_10)
FNDA:5,(anonymous_11)
FNDA:9,(anonymous_12)
FNDA:2,(anonymous_13)
FNDA:6,(anonymous_14)
FNDA:1,(anonymous_15)
FNDA:3,(anonymous_16)
FNDA:6,checkGameEnd
FNDA:12,(anonymous_18)
DA:1,1
DA:2,1
DA:16,8
DA:17,6
DA:18,6
DA:22,8
DA:26,12
DA:27,10
DA:28,8
DA:32,10
DA:35,1
DA:38,6
DA:49,1
DA:51,1
DA:56,1
DA:70,1
DA:71,1
DA:87,2
DA:88,2
DA:90,1
DA:91,1
DA:92,1
DA:101,5
DA:102,5
DA:104,5
DA:105,5
DA:107,4
DA:108,1
DA:113,1
DA:114,1
DA:117,3
DA:122,3
DA:123,3
DA:124,3
DA:125,3
DA:127,3
DA:135,9
DA:136,3
DA:145,3
DA:149,2
DA:150,2
DA:152,2
DA:153,2
DA:155,2
DA:161,2
DA:162,2
DA:163,2
DA:164,2
DA:166,2
DA:174,6
DA:175,2
DA:187,2
DA:191,1
DA:192,1
DA:193,1
DA:195,1
DA:196,3
DA:197,1
DA:199,1
DA:208,6
DA:209,6
DA:210,6
DA:212,6
DA:213,12
DA:214,4
LF:65
LH:65
BRDA:16,0,0,2
BRDA:16,0,1,6
BRDA:16,1,0,2
BRDA:16,1,1,0
BRDA:17,2,0,0
BRDA:17,2,1,6
BRDA:17,3,0,6
BRDA:17,3,1,6
BRDA:17,3,2,6
BRDA:26,4,0,2
BRDA:26,4,1,10
BRDA:27,5,0,2
BRDA:27,5,1,8
BRDA:32,6,0,10
BRDA:32,6,1,8
BRDA:88,7,0,1
BRDA:88,7,1,1
BRDA:88,8,0,2
BRDA:88,8,1,1
BRDA:102,9,0,0
BRDA:102,9,1,5
BRDA:102,10,0,5
BRDA:102,10,1,5
BRDA:102,10,2,5
BRDA:105,11,0,1
BRDA:105,11,1,4
BRDA:105,12,0,5
BRDA:105,12,1,4
BRDA:107,13,0,1
BRDA:107,13,1,3
BRDA:125,14,0,3
BRDA:125,14,1,2
BRDA:132,15,0,3
BRDA:132,15,1,3
BRDA:135,16,0,3
BRDA:135,16,1,6
BRDA:141,17,0,1
BRDA:141,17,1,2
BRDA:142,18,0,1
BRDA:142,18,1,2
BRDA:150,19,0,0
BRDA:150,19,1,2
BRDA:164,20,0,2
BRDA:164,20,1,2
BRDA:171,21,0,2
BRDA:171,21,1,2
BRDA:174,22,0,2
BRDA:174,22,1,4
BRDA:181,23,0,0
BRDA:181,23,1,2
BRDA:182,24,0,0
BRDA:182,24,1,2
BRDA:183,25,0,1
BRDA:183,25,1,1
BRDA:184,26,0,1
BRDA:184,26,1,1
BRDA:193,27,0,0
BRDA:193,27,1,1
BRDA:193,28,0,1
BRDA:193,28,1,1
BRDA:196,29,0,1
BRDA:196,29,1,2
BRDA:212,30,0,4
BRDA:212,30,1,2
BRDA:212,31,0,6
BRDA:212,31,1,5
BRF:66
BRH:59
end_of_record
TN:
SF:src/types/sneakin.ts
FNF:0
FNH:0
DA:10,1
DA:17,1
LF:2
LH:2
BRF:0
BRH:0
end_of_record
TN:
SF:src/utils/subsetSum.ts
FN:5,getCardValueOptions
FN:17,resolveAces
FN:20,backtrack
FN:39,bestAceResolution
FN:72,hasValidSubsetSum
FN:74,(anonymous_5)
FN:76,backtrack
FNF:7
FNH:7
FNDA:23,getCardValueOptions
FNDA:2,resolveAces
FNDA:7,backtrack
FNDA:2,bestAceResolution
FNDA:3,hasValidSubsetSum
FNDA:12,(anonymous_5)
FNDA:23,backtrack
DA:5,2
DA:6,23
DA:7,23
DA:8,15
DA:9,8
DA:10,7
DA:11,7
DA:17,2
DA:18,2
DA:21,7
DA:22,3
DA:24,4
DA:25,4
DA:26,7
DA:27,7
DA:28,5
DA:29,5
DA:31,2
DA:34,2
DA:39,2
DA:40,2
DA:41,2
DA:42,2
DA:43,5
DA:44,5
DA:45,3
DA:46,2
DA:47,0
DA:49,2
DA:50,2
DA:54,2
DA:55,2
DA:56,2
DA:57,4
DA:58,4
DA:59,7
DA:61,4
DA:62,4
DA:63,2
DA:64,2
DA:67,2
DA:72,2
DA:74,12
DA:77,23
DA:78,21
DA:79,15
DA:81,15
DA:82,15
DA:85,15
DA:86,17
DA:87,17
DA:88,9
DA:93,11
DA:96,3
LF:54
LH:53
BRDA:7,0,0,8
BRDA:7,0,1,15
BRDA:8,1,0,7
BRDA:8,1,1,8
BRDA:8,2,0,15
BRDA:8,2,1,7
BRDA:8,2,2,7
BRDA:9,3,0,1
BRDA:9,3,1,7
BRDA:9,4,0,8
BRDA:9,4,1,7
BRDA:9,4,2,7
BRDA:21,5,0,3
BRDA:21,5,1,4
BRDA:27,6,0,2
BRDA:27,6,1,5
BRDA:29,7,0,2
BRDA:29,7,1,3
BRDA:34,8,0,1
BRDA:34,8,1,1
BRDA:44,9,0,3
BRDA:44,9,1,2
BRDA:46,10,0,0
BRDA:46,10,1,2
BRDA:46,11,0,2
BRDA:46,11,1,0
BRDA:46,11,2,0
BRDA:50,12,0,2
BRDA:50,12,1,0
BRDA:59,13,0,5
BRDA:59,13,1,2
BRDA:62,14,0,2
BRDA:62,14,1,2
BRDA:77,15,0,2
BRDA:77,15,1,21
BRDA:77,16,0,23
BRDA:77,16,1,16
BRDA:78,17,0,6
BRDA:78,17,1,15
BRDA:79,18,0,0
BRDA:79,18,1,15
BRDA:87,19,0,9
BRDA:87,19,1,8
BRDA:88,20,0,4
BRDA:88,20,1,5
BRF:45
BRH:40
end_of_record
